{"D:\\Sandeep\\Bites on Bus ALL\\Bites On Bus\\backend\\controller\\PNRPassengersDetailsController.js": {"path":"D:\\Sandeep\\Bites on Bus ALL\\Bites On Bus\\backend\\controller\\PNRPassengersDetailsController.js","statementMap":{"0":{"start":{"line":2,"column":29},"end":{"line":2,"column":69}},"1":{"start":{"line":5,"column":35},"end":{"line":12,"column":1}},"2":{"start":{"line":6,"column":4},"end":{"line":11,"column":5}},"3":{"start":{"line":7,"column":27},"end":{"line":7,"column":60}},"4":{"start":{"line":8,"column":8},"end":{"line":8,"column":41}},"5":{"start":{"line":10,"column":8},"end":{"line":10,"column":85}},"6":{"start":{"line":15,"column":37},"end":{"line":26,"column":1}},"7":{"start":{"line":16,"column":20},"end":{"line":16,"column":30}},"8":{"start":{"line":17,"column":4},"end":{"line":25,"column":5}},"9":{"start":{"line":18,"column":26},"end":{"line":18,"column":69}},"10":{"start":{"line":19,"column":8},"end":{"line":21,"column":9}},"11":{"start":{"line":20,"column":12},"end":{"line":20,"column":90}},"12":{"start":{"line":22,"column":8},"end":{"line":22,"column":40}},"13":{"start":{"line":24,"column":8},"end":{"line":24,"column":84}},"14":{"start":{"line":29,"column":33},"end":{"line":37,"column":1}},"15":{"start":{"line":30,"column":4},"end":{"line":36,"column":5}},"16":{"start":{"line":31,"column":29},"end":{"line":31,"column":63}},"17":{"start":{"line":32,"column":8},"end":{"line":32,"column":34}},"18":{"start":{"line":33,"column":8},"end":{"line":33,"column":43}},"19":{"start":{"line":35,"column":8},"end":{"line":35,"column":84}},"20":{"start":{"line":40,"column":33},"end":{"line":55,"column":1}},"21":{"start":{"line":41,"column":20},"end":{"line":41,"column":30}},"22":{"start":{"line":42,"column":4},"end":{"line":54,"column":5}},"23":{"start":{"line":43,"column":33},"end":{"line":47,"column":9}},"24":{"start":{"line":48,"column":8},"end":{"line":50,"column":9}},"25":{"start":{"line":49,"column":12},"end":{"line":49,"column":90}},"26":{"start":{"line":51,"column":8},"end":{"line":51,"column":47}},"27":{"start":{"line":53,"column":8},"end":{"line":53,"column":84}},"28":{"start":{"line":58,"column":33},"end":{"line":69,"column":1}},"29":{"start":{"line":59,"column":20},"end":{"line":59,"column":30}},"30":{"start":{"line":60,"column":4},"end":{"line":68,"column":5}},"31":{"start":{"line":61,"column":33},"end":{"line":61,"column":85}},"32":{"start":{"line":62,"column":8},"end":{"line":64,"column":9}},"33":{"start":{"line":63,"column":12},"end":{"line":63,"column":90}},"34":{"start":{"line":65,"column":8},"end":{"line":65,"column":76}},"35":{"start":{"line":67,"column":8},"end":{"line":67,"column":84}},"36":{"start":{"line":71,"column":0},"end":{"line":77,"column":2}}},"fnMap":{"0":{"name":"(anonymous_0)","decl":{"start":{"line":5,"column":35},"end":{"line":5,"column":36}},"loc":{"start":{"line":5,"column":55},"end":{"line":12,"column":1}},"line":5},"1":{"name":"(anonymous_1)","decl":{"start":{"line":15,"column":37},"end":{"line":15,"column":38}},"loc":{"start":{"line":15,"column":57},"end":{"line":26,"column":1}},"line":15},"2":{"name":"(anonymous_2)","decl":{"start":{"line":29,"column":33},"end":{"line":29,"column":34}},"loc":{"start":{"line":29,"column":53},"end":{"line":37,"column":1}},"line":29},"3":{"name":"(anonymous_3)","decl":{"start":{"line":40,"column":33},"end":{"line":40,"column":34}},"loc":{"start":{"line":40,"column":53},"end":{"line":55,"column":1}},"line":40},"4":{"name":"(anonymous_4)","decl":{"start":{"line":58,"column":33},"end":{"line":58,"column":34}},"loc":{"start":{"line":58,"column":53},"end":{"line":69,"column":1}},"line":58}},"branchMap":{"0":{"loc":{"start":{"line":19,"column":8},"end":{"line":21,"column":9}},"type":"if","locations":[{"start":{"line":19,"column":8},"end":{"line":21,"column":9}},{"start":{},"end":{}}],"line":19},"1":{"loc":{"start":{"line":48,"column":8},"end":{"line":50,"column":9}},"type":"if","locations":[{"start":{"line":48,"column":8},"end":{"line":50,"column":9}},{"start":{},"end":{}}],"line":48},"2":{"loc":{"start":{"line":62,"column":8},"end":{"line":64,"column":9}},"type":"if","locations":[{"start":{"line":62,"column":8},"end":{"line":64,"column":9}},{"start":{},"end":{}}],"line":62}},"s":{"0":1,"1":1,"2":2,"3":2,"4":1,"5":1,"6":1,"7":3,"8":3,"9":3,"10":2,"11":1,"12":1,"13":1,"14":1,"15":2,"16":2,"17":2,"18":1,"19":1,"20":1,"21":3,"22":3,"23":3,"24":2,"25":1,"26":1,"27":1,"28":1,"29":3,"30":3,"31":3,"32":2,"33":1,"34":1,"35":1,"36":1},"f":{"0":2,"1":3,"2":2,"3":3,"4":3},"b":{"0":[1,1],"1":[1,1],"2":[1,1]},"_coverageSchema":"1a1c01bbd47fc00a2c39e90264f33305004495a9","hash":"cf93eec0207c2c74abb3f3c0efbd789a7a4b7225"}
,"D:\\Sandeep\\Bites on Bus ALL\\Bites On Bus\\backend\\controller\\adminController.js": {"path":"D:\\Sandeep\\Bites on Bus ALL\\Bites On Bus\\backend\\controller\\adminController.js","statementMap":{"0":{"start":{"line":1,"column":14},"end":{"line":1,"column":44}},"1":{"start":{"line":2,"column":15},"end":{"line":2,"column":34}},"2":{"start":{"line":3,"column":12},"end":{"line":3,"column":35}},"3":{"start":{"line":6,"column":22},"end":{"line":23,"column":1}},"4":{"start":{"line":7,"column":4},"end":{"line":22,"column":5}},"5":{"start":{"line":8,"column":26},"end":{"line":8,"column":34}},"6":{"start":{"line":9,"column":30},"end":{"line":9,"column":77}},"7":{"start":{"line":10,"column":8},"end":{"line":12,"column":9}},"8":{"start":{"line":11,"column":12},"end":{"line":11,"column":77}},"9":{"start":{"line":13,"column":21},"end":{"line":13,"column":45}},"10":{"start":{"line":14,"column":31},"end":{"line":14,"column":74}},"11":{"start":{"line":15,"column":8},"end":{"line":15,"column":44}},"12":{"start":{"line":16,"column":22},"end":{"line":16,"column":42}},"13":{"start":{"line":17,"column":8},"end":{"line":17,"column":27}},"14":{"start":{"line":18,"column":8},"end":{"line":18,"column":72}},"15":{"start":{"line":20,"column":8},"end":{"line":20,"column":27}},"16":{"start":{"line":21,"column":8},"end":{"line":21,"column":74}},"17":{"start":{"line":26,"column":21},"end":{"line":34,"column":1}},"18":{"start":{"line":27,"column":4},"end":{"line":33,"column":5}},"19":{"start":{"line":28,"column":23},"end":{"line":28,"column":41}},"20":{"start":{"line":29,"column":8},"end":{"line":29,"column":41}},"21":{"start":{"line":31,"column":8},"end":{"line":31,"column":27}},"22":{"start":{"line":32,"column":8},"end":{"line":32,"column":74}},"23":{"start":{"line":37,"column":21},"end":{"line":49,"column":1}},"24":{"start":{"line":38,"column":4},"end":{"line":48,"column":5}},"25":{"start":{"line":39,"column":24},"end":{"line":39,"column":37}},"26":{"start":{"line":40,"column":22},"end":{"line":40,"column":51}},"27":{"start":{"line":41,"column":8},"end":{"line":43,"column":9}},"28":{"start":{"line":42,"column":12},"end":{"line":42,"column":72}},"29":{"start":{"line":44,"column":8},"end":{"line":44,"column":40}},"30":{"start":{"line":46,"column":8},"end":{"line":46,"column":27}},"31":{"start":{"line":47,"column":8},"end":{"line":47,"column":74}},"32":{"start":{"line":52,"column":20},"end":{"line":65,"column":1}},"33":{"start":{"line":53,"column":4},"end":{"line":64,"column":5}},"34":{"start":{"line":54,"column":24},"end":{"line":54,"column":37}},"35":{"start":{"line":55,"column":28},"end":{"line":55,"column":36}},"36":{"start":{"line":56,"column":22},"end":{"line":56,"column":88}},"37":{"start":{"line":57,"column":8},"end":{"line":59,"column":9}},"38":{"start":{"line":58,"column":12},"end":{"line":58,"column":72}},"39":{"start":{"line":60,"column":8},"end":{"line":60,"column":40}},"40":{"start":{"line":62,"column":8},"end":{"line":62,"column":27}},"41":{"start":{"line":63,"column":8},"end":{"line":63,"column":74}},"42":{"start":{"line":68,"column":20},"end":{"line":80,"column":1}},"43":{"start":{"line":69,"column":4},"end":{"line":79,"column":5}},"44":{"start":{"line":70,"column":24},"end":{"line":70,"column":37}},"45":{"start":{"line":71,"column":22},"end":{"line":71,"column":60}},"46":{"start":{"line":72,"column":8},"end":{"line":74,"column":9}},"47":{"start":{"line":73,"column":12},"end":{"line":73,"column":72}},"48":{"start":{"line":75,"column":8},"end":{"line":75,"column":40}},"49":{"start":{"line":77,"column":8},"end":{"line":77,"column":27}},"50":{"start":{"line":78,"column":8},"end":{"line":78,"column":74}},"51":{"start":{"line":83,"column":19},"end":{"line":104,"column":1}},"52":{"start":{"line":84,"column":4},"end":{"line":103,"column":5}},"53":{"start":{"line":85,"column":36},"end":{"line":85,"column":44}},"54":{"start":{"line":86,"column":22},"end":{"line":86,"column":72}},"55":{"start":{"line":87,"column":8},"end":{"line":89,"column":9}},"56":{"start":{"line":88,"column":12},"end":{"line":88,"column":70}},"57":{"start":{"line":90,"column":24},"end":{"line":90,"column":70}},"58":{"start":{"line":91,"column":8},"end":{"line":93,"column":9}},"59":{"start":{"line":92,"column":12},"end":{"line":92,"column":76}},"60":{"start":{"line":94,"column":22},"end":{"line":98,"column":9}},"61":{"start":{"line":99,"column":8},"end":{"line":99,"column":76}},"62":{"start":{"line":101,"column":8},"end":{"line":101,"column":27}},"63":{"start":{"line":102,"column":8},"end":{"line":102,"column":57}},"64":{"start":{"line":106,"column":0},"end":{"line":113,"column":2}}},"fnMap":{"0":{"name":"(anonymous_0)","decl":{"start":{"line":6,"column":22},"end":{"line":6,"column":23}},"loc":{"start":{"line":6,"column":42},"end":{"line":23,"column":1}},"line":6},"1":{"name":"(anonymous_1)","decl":{"start":{"line":26,"column":21},"end":{"line":26,"column":22}},"loc":{"start":{"line":26,"column":41},"end":{"line":34,"column":1}},"line":26},"2":{"name":"(anonymous_2)","decl":{"start":{"line":37,"column":21},"end":{"line":37,"column":22}},"loc":{"start":{"line":37,"column":41},"end":{"line":49,"column":1}},"line":37},"3":{"name":"(anonymous_3)","decl":{"start":{"line":52,"column":20},"end":{"line":52,"column":21}},"loc":{"start":{"line":52,"column":40},"end":{"line":65,"column":1}},"line":52},"4":{"name":"(anonymous_4)","decl":{"start":{"line":68,"column":20},"end":{"line":68,"column":21}},"loc":{"start":{"line":68,"column":40},"end":{"line":80,"column":1}},"line":68},"5":{"name":"(anonymous_5)","decl":{"start":{"line":83,"column":19},"end":{"line":83,"column":20}},"loc":{"start":{"line":83,"column":39},"end":{"line":104,"column":1}},"line":83}},"branchMap":{"0":{"loc":{"start":{"line":10,"column":8},"end":{"line":12,"column":9}},"type":"if","locations":[{"start":{"line":10,"column":8},"end":{"line":12,"column":9}},{"start":{},"end":{}}],"line":10},"1":{"loc":{"start":{"line":41,"column":8},"end":{"line":43,"column":9}},"type":"if","locations":[{"start":{"line":41,"column":8},"end":{"line":43,"column":9}},{"start":{},"end":{}}],"line":41},"2":{"loc":{"start":{"line":57,"column":8},"end":{"line":59,"column":9}},"type":"if","locations":[{"start":{"line":57,"column":8},"end":{"line":59,"column":9}},{"start":{},"end":{}}],"line":57},"3":{"loc":{"start":{"line":72,"column":8},"end":{"line":74,"column":9}},"type":"if","locations":[{"start":{"line":72,"column":8},"end":{"line":74,"column":9}},{"start":{},"end":{}}],"line":72},"4":{"loc":{"start":{"line":87,"column":8},"end":{"line":89,"column":9}},"type":"if","locations":[{"start":{"line":87,"column":8},"end":{"line":89,"column":9}},{"start":{},"end":{}}],"line":87},"5":{"loc":{"start":{"line":91,"column":8},"end":{"line":93,"column":9}},"type":"if","locations":[{"start":{"line":91,"column":8},"end":{"line":93,"column":9}},{"start":{},"end":{}}],"line":91}},"s":{"0":1,"1":1,"2":1,"3":1,"4":3,"5":3,"6":3,"7":2,"8":1,"9":1,"10":1,"11":1,"12":1,"13":1,"14":1,"15":1,"16":1,"17":1,"18":2,"19":2,"20":1,"21":1,"22":1,"23":1,"24":3,"25":3,"26":3,"27":2,"28":1,"29":1,"30":1,"31":1,"32":1,"33":3,"34":3,"35":3,"36":3,"37":2,"38":1,"39":1,"40":1,"41":1,"42":1,"43":3,"44":3,"45":3,"46":2,"47":1,"48":1,"49":1,"50":1,"51":1,"52":4,"53":4,"54":4,"55":3,"56":1,"57":2,"58":2,"59":1,"60":1,"61":1,"62":1,"63":1,"64":1},"f":{"0":3,"1":2,"2":3,"3":3,"4":3,"5":4},"b":{"0":[1,1],"1":[1,1],"2":[1,1],"3":[1,1],"4":[1,2],"5":[1,1]},"_coverageSchema":"1a1c01bbd47fc00a2c39e90264f33305004495a9","hash":"bc9c67c4b0089f30fa2736ba12d8a232e3e36395"}
,"D:\\Sandeep\\Bites on Bus ALL\\Bites On Bus\\backend\\controller\\agentController.js": {"path":"D:\\Sandeep\\Bites on Bus ALL\\Bites On Bus\\backend\\controller\\agentController.js","statementMap":{"0":{"start":{"line":2,"column":14},"end":{"line":2,"column":44}},"1":{"start":{"line":3,"column":14},"end":{"line":3,"column":44}},"2":{"start":{"line":4,"column":12},"end":{"line":4,"column":35}},"3":{"start":{"line":5,"column":15},"end":{"line":5,"column":34}},"4":{"start":{"line":6,"column":17},"end":{"line":6,"column":36}},"5":{"start":{"line":9,"column":18},"end":{"line":13,"column":1}},"6":{"start":{"line":10,"column":4},"end":{"line":12,"column":7}},"7":{"start":{"line":16,"column":22},"end":{"line":34,"column":1}},"8":{"start":{"line":17,"column":4},"end":{"line":33,"column":5}},"9":{"start":{"line":18,"column":26},"end":{"line":18,"column":34}},"10":{"start":{"line":19,"column":30},"end":{"line":19,"column":77}},"11":{"start":{"line":20,"column":8},"end":{"line":22,"column":9}},"12":{"start":{"line":21,"column":12},"end":{"line":21,"column":77}},"13":{"start":{"line":23,"column":21},"end":{"line":23,"column":45}},"14":{"start":{"line":24,"column":31},"end":{"line":24,"column":74}},"15":{"start":{"line":25,"column":8},"end":{"line":25,"column":44}},"16":{"start":{"line":26,"column":22},"end":{"line":26,"column":42}},"17":{"start":{"line":27,"column":8},"end":{"line":27,"column":27}},"18":{"start":{"line":28,"column":8},"end":{"line":28,"column":72}},"19":{"start":{"line":31,"column":8},"end":{"line":31,"column":27}},"20":{"start":{"line":32,"column":8},"end":{"line":32,"column":74}},"21":{"start":{"line":37,"column":19},"end":{"line":58,"column":1}},"22":{"start":{"line":38,"column":4},"end":{"line":57,"column":5}},"23":{"start":{"line":39,"column":36},"end":{"line":39,"column":44}},"24":{"start":{"line":40,"column":22},"end":{"line":40,"column":72}},"25":{"start":{"line":41,"column":8},"end":{"line":43,"column":9}},"26":{"start":{"line":42,"column":12},"end":{"line":42,"column":70}},"27":{"start":{"line":44,"column":24},"end":{"line":44,"column":70}},"28":{"start":{"line":45,"column":8},"end":{"line":47,"column":9}},"29":{"start":{"line":46,"column":12},"end":{"line":46,"column":76}},"30":{"start":{"line":48,"column":22},"end":{"line":52,"column":9}},"31":{"start":{"line":53,"column":8},"end":{"line":53,"column":90}},"32":{"start":{"line":55,"column":8},"end":{"line":55,"column":27}},"33":{"start":{"line":56,"column":8},"end":{"line":56,"column":57}},"34":{"start":{"line":61,"column":24},"end":{"line":68,"column":1}},"35":{"start":{"line":62,"column":4},"end":{"line":67,"column":5}},"36":{"start":{"line":63,"column":22},"end":{"line":63,"column":57}},"37":{"start":{"line":64,"column":8},"end":{"line":64,"column":65}},"38":{"start":{"line":66,"column":8},"end":{"line":66,"column":57}},"39":{"start":{"line":71,"column":27},"end":{"line":87,"column":1}},"40":{"start":{"line":72,"column":4},"end":{"line":86,"column":5}},"41":{"start":{"line":73,"column":29},"end":{"line":73,"column":31}},"42":{"start":{"line":74,"column":30},"end":{"line":74,"column":56}},"43":{"start":{"line":75,"column":8},"end":{"line":77,"column":11}},"44":{"start":{"line":76,"column":12},"end":{"line":76,"column":76}},"45":{"start":{"line":76,"column":44},"end":{"line":76,"column":76}},"46":{"start":{"line":78,"column":29},"end":{"line":82,"column":9}},"47":{"start":{"line":83,"column":8},"end":{"line":83,"column":72}},"48":{"start":{"line":85,"column":8},"end":{"line":85,"column":57}},"49":{"start":{"line":90,"column":27},"end":{"line":97,"column":1}},"50":{"start":{"line":91,"column":4},"end":{"line":96,"column":5}},"51":{"start":{"line":92,"column":8},"end":{"line":92,"column":53}},"52":{"start":{"line":93,"column":8},"end":{"line":93,"column":64}},"53":{"start":{"line":95,"column":8},"end":{"line":95,"column":57}},"54":{"start":{"line":100,"column":21},"end":{"line":107,"column":1}},"55":{"start":{"line":101,"column":4},"end":{"line":106,"column":5}},"56":{"start":{"line":102,"column":23},"end":{"line":102,"column":41}},"57":{"start":{"line":103,"column":8},"end":{"line":103,"column":66}},"58":{"start":{"line":105,"column":8},"end":{"line":105,"column":57}},"59":{"start":{"line":110,"column":32},"end":{"line":136,"column":1}},"60":{"start":{"line":111,"column":4},"end":{"line":135,"column":5}},"61":{"start":{"line":112,"column":28},"end":{"line":112,"column":38}},"62":{"start":{"line":113,"column":33},"end":{"line":113,"column":41}},"63":{"start":{"line":115,"column":8},"end":{"line":117,"column":9}},"64":{"start":{"line":116,"column":12},"end":{"line":116,"column":124}},"65":{"start":{"line":119,"column":22},"end":{"line":123,"column":9}},"66":{"start":{"line":125,"column":8},"end":{"line":127,"column":9}},"67":{"start":{"line":126,"column":12},"end":{"line":126,"column":72}},"68":{"start":{"line":129,"column":8},"end":{"line":132,"column":11}},"69":{"start":{"line":134,"column":8},"end":{"line":134,"column":57}},"70":{"start":{"line":139,"column":27},"end":{"line":160,"column":1}},"71":{"start":{"line":140,"column":4},"end":{"line":159,"column":5}},"72":{"start":{"line":141,"column":28},"end":{"line":141,"column":38}},"73":{"start":{"line":142,"column":8},"end":{"line":144,"column":9}},"74":{"start":{"line":143,"column":12},"end":{"line":143,"column":82}},"75":{"start":{"line":145,"column":23},"end":{"line":148,"column":31}},"76":{"start":{"line":149,"column":8},"end":{"line":153,"column":11}},"77":{"start":{"line":155,"column":8},"end":{"line":158,"column":11}},"78":{"start":{"line":162,"column":40},"end":{"line":188,"column":1}},"79":{"start":{"line":163,"column":4},"end":{"line":187,"column":5}},"80":{"start":{"line":164,"column":28},"end":{"line":164,"column":38}},"81":{"start":{"line":165,"column":8},"end":{"line":167,"column":9}},"82":{"start":{"line":166,"column":12},"end":{"line":166,"column":82}},"83":{"start":{"line":169,"column":32},"end":{"line":175,"column":31}},"84":{"start":{"line":177,"column":8},"end":{"line":181,"column":11}},"85":{"start":{"line":183,"column":8},"end":{"line":186,"column":11}},"86":{"start":{"line":190,"column":0},"end":{"line":200,"column":2}}},"fnMap":{"0":{"name":"(anonymous_0)","decl":{"start":{"line":9,"column":18},"end":{"line":9,"column":19}},"loc":{"start":{"line":9,"column":26},"end":{"line":13,"column":1}},"line":9},"1":{"name":"(anonymous_1)","decl":{"start":{"line":16,"column":22},"end":{"line":16,"column":23}},"loc":{"start":{"line":16,"column":42},"end":{"line":34,"column":1}},"line":16},"2":{"name":"(anonymous_2)","decl":{"start":{"line":37,"column":19},"end":{"line":37,"column":20}},"loc":{"start":{"line":37,"column":39},"end":{"line":58,"column":1}},"line":37},"3":{"name":"(anonymous_3)","decl":{"start":{"line":61,"column":24},"end":{"line":61,"column":25}},"loc":{"start":{"line":61,"column":44},"end":{"line":68,"column":1}},"line":61},"4":{"name":"(anonymous_4)","decl":{"start":{"line":71,"column":27},"end":{"line":71,"column":28}},"loc":{"start":{"line":71,"column":47},"end":{"line":87,"column":1}},"line":71},"5":{"name":"(anonymous_5)","decl":{"start":{"line":75,"column":38},"end":{"line":75,"column":39}},"loc":{"start":{"line":75,"column":44},"end":{"line":77,"column":9}},"line":75},"6":{"name":"(anonymous_6)","decl":{"start":{"line":90,"column":27},"end":{"line":90,"column":28}},"loc":{"start":{"line":90,"column":47},"end":{"line":97,"column":1}},"line":90},"7":{"name":"(anonymous_7)","decl":{"start":{"line":100,"column":21},"end":{"line":100,"column":22}},"loc":{"start":{"line":100,"column":41},"end":{"line":107,"column":1}},"line":100},"8":{"name":"(anonymous_8)","decl":{"start":{"line":110,"column":32},"end":{"line":110,"column":33}},"loc":{"start":{"line":110,"column":52},"end":{"line":136,"column":1}},"line":110},"9":{"name":"(anonymous_9)","decl":{"start":{"line":139,"column":27},"end":{"line":139,"column":28}},"loc":{"start":{"line":139,"column":47},"end":{"line":160,"column":1}},"line":139},"10":{"name":"(anonymous_10)","decl":{"start":{"line":162,"column":40},"end":{"line":162,"column":41}},"loc":{"start":{"line":162,"column":60},"end":{"line":188,"column":1}},"line":162}},"branchMap":{"0":{"loc":{"start":{"line":10,"column":26},"end":{"line":10,"column":38}},"type":"binary-expr","locations":[{"start":{"line":10,"column":26},"end":{"line":10,"column":32}},{"start":{"line":10,"column":36},"end":{"line":10,"column":38}}],"line":10},"1":{"loc":{"start":{"line":10,"column":46},"end":{"line":10,"column":64}},"type":"binary-expr","locations":[{"start":{"line":10,"column":46},"end":{"line":10,"column":53}},{"start":{"line":10,"column":57},"end":{"line":10,"column":64}}],"line":10},"2":{"loc":{"start":{"line":20,"column":8},"end":{"line":22,"column":9}},"type":"if","locations":[{"start":{"line":20,"column":8},"end":{"line":22,"column":9}},{"start":{},"end":{}}],"line":20},"3":{"loc":{"start":{"line":41,"column":8},"end":{"line":43,"column":9}},"type":"if","locations":[{"start":{"line":41,"column":8},"end":{"line":43,"column":9}},{"start":{},"end":{}}],"line":41},"4":{"loc":{"start":{"line":45,"column":8},"end":{"line":47,"column":9}},"type":"if","locations":[{"start":{"line":45,"column":8},"end":{"line":47,"column":9}},{"start":{},"end":{}}],"line":45},"5":{"loc":{"start":{"line":76,"column":12},"end":{"line":76,"column":76}},"type":"if","locations":[{"start":{"line":76,"column":12},"end":{"line":76,"column":76}},{"start":{},"end":{}}],"line":76},"6":{"loc":{"start":{"line":115,"column":8},"end":{"line":117,"column":9}},"type":"if","locations":[{"start":{"line":115,"column":8},"end":{"line":117,"column":9}},{"start":{},"end":{}}],"line":115},"7":{"loc":{"start":{"line":115,"column":12},"end":{"line":115,"column":86}},"type":"binary-expr","locations":[{"start":{"line":115,"column":12},"end":{"line":115,"column":20}},{"start":{"line":115,"column":24},"end":{"line":115,"column":37}},{"start":{"line":115,"column":41},"end":{"line":115,"column":86}}],"line":115},"8":{"loc":{"start":{"line":125,"column":8},"end":{"line":127,"column":9}},"type":"if","locations":[{"start":{"line":125,"column":8},"end":{"line":127,"column":9}},{"start":{},"end":{}}],"line":125},"9":{"loc":{"start":{"line":142,"column":8},"end":{"line":144,"column":9}},"type":"if","locations":[{"start":{"line":142,"column":8},"end":{"line":144,"column":9}},{"start":{},"end":{}}],"line":142},"10":{"loc":{"start":{"line":142,"column":12},"end":{"line":142,"column":65}},"type":"binary-expr","locations":[{"start":{"line":142,"column":12},"end":{"line":142,"column":20}},{"start":{"line":142,"column":24},"end":{"line":142,"column":65}}],"line":142},"11":{"loc":{"start":{"line":165,"column":8},"end":{"line":167,"column":9}},"type":"if","locations":[{"start":{"line":165,"column":8},"end":{"line":167,"column":9}},{"start":{},"end":{}}],"line":165},"12":{"loc":{"start":{"line":165,"column":12},"end":{"line":165,"column":65}},"type":"binary-expr","locations":[{"start":{"line":165,"column":12},"end":{"line":165,"column":20}},{"start":{"line":165,"column":24},"end":{"line":165,"column":65}}],"line":165}},"s":{"0":1,"1":1,"2":1,"3":1,"4":1,"5":1,"6":0,"7":1,"8":3,"9":3,"10":3,"11":2,"12":1,"13":1,"14":1,"15":1,"16":1,"17":1,"18":1,"19":1,"20":1,"21":1,"22":4,"23":4,"24":4,"25":3,"26":1,"27":2,"28":2,"29":1,"30":1,"31":1,"32":1,"33":1,"34":1,"35":2,"36":2,"37":1,"38":1,"39":1,"40":2,"41":2,"42":2,"43":2,"44":5,"45":4,"46":2,"47":1,"48":1,"49":1,"50":2,"51":2,"52":1,"53":1,"54":1,"55":2,"56":2,"57":1,"58":1,"59":1,"60":4,"61":4,"62":4,"63":4,"64":1,"65":3,"66":2,"67":1,"68":1,"69":1,"70":1,"71":3,"72":3,"73":3,"74":1,"75":2,"76":1,"77":1,"78":1,"79":3,"80":3,"81":3,"82":1,"83":2,"84":1,"85":1,"86":1},"f":{"0":0,"1":3,"2":4,"3":2,"4":2,"5":5,"6":2,"7":2,"8":4,"9":3,"10":3},"b":{"0":[0,0],"1":[0,0],"2":[1,1],"3":[1,2],"4":[1,1],"5":[4,1],"6":[1,3],"7":[4,3,3],"8":[1,1],"9":[1,2],"10":[3,2],"11":[1,2],"12":[3,2]},"_coverageSchema":"1a1c01bbd47fc00a2c39e90264f33305004495a9","hash":"7721e8890f45767beb8f53137384a61e433b457f"}
,"D:\\Sandeep\\Bites on Bus ALL\\Bites On Bus\\backend\\controller\\orderController.js": {"path":"D:\\Sandeep\\Bites on Bus ALL\\Bites On Bus\\backend\\controller\\orderController.js","statementMap":{"0":{"start":{"line":1,"column":14},"end":{"line":1,"column":44}},"1":{"start":{"line":2,"column":19},"end":{"line":2,"column":54}},"2":{"start":{"line":3,"column":16},"end":{"line":3,"column":48}},"3":{"start":{"line":4,"column":28},"end":{"line":4,"column":68}},"4":{"start":{"line":5,"column":17},"end":{"line":5,"column":36}},"5":{"start":{"line":11,"column":23},"end":{"line":30,"column":1}},"6":{"start":{"line":12,"column":4},"end":{"line":29,"column":5}},"7":{"start":{"line":13,"column":20},"end":{"line":13,"column":34}},"8":{"start":{"line":15,"column":23},"end":{"line":17,"column":31}},"9":{"start":{"line":19,"column":8},"end":{"line":23,"column":11}},"10":{"start":{"line":25,"column":8},"end":{"line":28,"column":11}},"11":{"start":{"line":35,"column":30},"end":{"line":65,"column":1}},"12":{"start":{"line":36,"column":4},"end":{"line":64,"column":5}},"13":{"start":{"line":37,"column":28},"end":{"line":37,"column":38}},"14":{"start":{"line":38,"column":27},"end":{"line":38,"column":35}},"15":{"start":{"line":40,"column":8},"end":{"line":42,"column":9}},"16":{"start":{"line":41,"column":12},"end":{"line":41,"column":88}},"17":{"start":{"line":44,"column":22},"end":{"line":44,"column":51}},"18":{"start":{"line":45,"column":8},"end":{"line":47,"column":9}},"19":{"start":{"line":46,"column":12},"end":{"line":46,"column":72}},"20":{"start":{"line":48,"column":8},"end":{"line":50,"column":9}},"21":{"start":{"line":49,"column":12},"end":{"line":49,"column":44}},"22":{"start":{"line":52,"column":8},"end":{"line":52,"column":30}},"23":{"start":{"line":53,"column":8},"end":{"line":53,"column":27}},"24":{"start":{"line":55,"column":8},"end":{"line":58,"column":11}},"25":{"start":{"line":60,"column":8},"end":{"line":63,"column":11}},"26":{"start":{"line":69,"column":23},"end":{"line":93,"column":1}},"27":{"start":{"line":70,"column":4},"end":{"line":92,"column":5}},"28":{"start":{"line":71,"column":24},"end":{"line":71,"column":37}},"29":{"start":{"line":72,"column":27},"end":{"line":72,"column":36}},"30":{"start":{"line":74,"column":23},"end":{"line":74,"column":34}},"31":{"start":{"line":75,"column":8},"end":{"line":75,"column":51}},"32":{"start":{"line":75,"column":20},"end":{"line":75,"column":51}},"33":{"start":{"line":77,"column":23},"end":{"line":80,"column":31}},"34":{"start":{"line":82,"column":8},"end":{"line":86,"column":11}},"35":{"start":{"line":88,"column":8},"end":{"line":91,"column":11}},"36":{"start":{"line":96,"column":20},"end":{"line":133,"column":1}},"37":{"start":{"line":97,"column":4},"end":{"line":132,"column":5}},"38":{"start":{"line":98,"column":24},"end":{"line":98,"column":37}},"39":{"start":{"line":100,"column":22},"end":{"line":100,"column":51}},"40":{"start":{"line":101,"column":8},"end":{"line":103,"column":9}},"41":{"start":{"line":102,"column":12},"end":{"line":102,"column":72}},"42":{"start":{"line":106,"column":8},"end":{"line":108,"column":9}},"43":{"start":{"line":107,"column":12},"end":{"line":107,"column":90}},"44":{"start":{"line":111,"column":8},"end":{"line":115,"column":9}},"45":{"start":{"line":112,"column":12},"end":{"line":114,"column":15}},"46":{"start":{"line":117,"column":31},"end":{"line":121,"column":9}},"47":{"start":{"line":123,"column":8},"end":{"line":126,"column":11}},"48":{"start":{"line":128,"column":8},"end":{"line":131,"column":11}},"49":{"start":{"line":136,"column":28},"end":{"line":165,"column":1}},"50":{"start":{"line":137,"column":4},"end":{"line":164,"column":5}},"51":{"start":{"line":138,"column":29},"end":{"line":138,"column":52}},"52":{"start":{"line":139,"column":27},"end":{"line":139,"column":36}},"53":{"start":{"line":142,"column":27},"end":{"line":142,"column":66}},"54":{"start":{"line":143,"column":8},"end":{"line":145,"column":9}},"55":{"start":{"line":144,"column":12},"end":{"line":144,"column":76}},"56":{"start":{"line":147,"column":23},"end":{"line":147,"column":39}},"57":{"start":{"line":148,"column":8},"end":{"line":148,"column":43}},"58":{"start":{"line":148,"column":20},"end":{"line":148,"column":43}},"59":{"start":{"line":150,"column":23},"end":{"line":152,"column":31}},"60":{"start":{"line":154,"column":8},"end":{"line":158,"column":11}},"61":{"start":{"line":160,"column":8},"end":{"line":163,"column":11}},"62":{"start":{"line":168,"column":36},"end":{"line":190,"column":1}},"63":{"start":{"line":169,"column":4},"end":{"line":189,"column":5}},"64":{"start":{"line":170,"column":33},"end":{"line":170,"column":43}},"65":{"start":{"line":171,"column":8},"end":{"line":173,"column":9}},"66":{"start":{"line":172,"column":12},"end":{"line":172,"column":81}},"67":{"start":{"line":174,"column":29},"end":{"line":178,"column":87}},"68":{"start":{"line":179,"column":8},"end":{"line":183,"column":11}},"69":{"start":{"line":185,"column":8},"end":{"line":188,"column":11}},"70":{"start":{"line":192,"column":21},"end":{"line":208,"column":1}},"71":{"start":{"line":193,"column":4},"end":{"line":207,"column":5}},"72":{"start":{"line":194,"column":23},"end":{"line":197,"column":31}},"73":{"start":{"line":198,"column":8},"end":{"line":202,"column":11}},"74":{"start":{"line":205,"column":8},"end":{"line":205,"column":27}},"75":{"start":{"line":206,"column":8},"end":{"line":206,"column":74}},"76":{"start":{"line":211,"column":41},"end":{"line":233,"column":1}},"77":{"start":{"line":212,"column":4},"end":{"line":232,"column":5}},"78":{"start":{"line":213,"column":31},"end":{"line":213,"column":40}},"79":{"start":{"line":214,"column":8},"end":{"line":216,"column":9}},"80":{"start":{"line":215,"column":12},"end":{"line":215,"column":83}},"81":{"start":{"line":217,"column":23},"end":{"line":222,"column":29}},"82":{"start":{"line":223,"column":8},"end":{"line":227,"column":11}},"83":{"start":{"line":229,"column":8},"end":{"line":231,"column":11}},"84":{"start":{"line":236,"column":31},"end":{"line":270,"column":1}},"85":{"start":{"line":237,"column":4},"end":{"line":269,"column":5}},"86":{"start":{"line":238,"column":37},"end":{"line":238,"column":45}},"87":{"start":{"line":242,"column":8},"end":{"line":244,"column":9}},"88":{"start":{"line":243,"column":12},"end":{"line":243,"column":95}},"89":{"start":{"line":246,"column":22},"end":{"line":246,"column":51}},"90":{"start":{"line":247,"column":8},"end":{"line":249,"column":9}},"91":{"start":{"line":248,"column":12},"end":{"line":248,"column":72}},"92":{"start":{"line":255,"column":8},"end":{"line":255,"column":32}},"93":{"start":{"line":256,"column":8},"end":{"line":256,"column":42}},"94":{"start":{"line":257,"column":8},"end":{"line":257,"column":27}},"95":{"start":{"line":259,"column":8},"end":{"line":263,"column":11}},"96":{"start":{"line":265,"column":8},"end":{"line":268,"column":11}},"97":{"start":{"line":273,"column":28},"end":{"line":295,"column":1}},"98":{"start":{"line":274,"column":4},"end":{"line":294,"column":5}},"99":{"start":{"line":275,"column":28},"end":{"line":275,"column":38}},"100":{"start":{"line":276,"column":8},"end":{"line":278,"column":9}},"101":{"start":{"line":277,"column":12},"end":{"line":277,"column":76}},"102":{"start":{"line":279,"column":22},"end":{"line":281,"column":66}},"103":{"start":{"line":282,"column":8},"end":{"line":284,"column":9}},"104":{"start":{"line":283,"column":12},"end":{"line":283,"column":72}},"105":{"start":{"line":285,"column":8},"end":{"line":288,"column":11}},"106":{"start":{"line":290,"column":8},"end":{"line":293,"column":11}},"107":{"start":{"line":297,"column":0},"end":{"line":308,"column":2}}},"fnMap":{"0":{"name":"(anonymous_0)","decl":{"start":{"line":11,"column":23},"end":{"line":11,"column":24}},"loc":{"start":{"line":11,"column":43},"end":{"line":30,"column":1}},"line":11},"1":{"name":"(anonymous_1)","decl":{"start":{"line":35,"column":30},"end":{"line":35,"column":31}},"loc":{"start":{"line":35,"column":50},"end":{"line":65,"column":1}},"line":35},"2":{"name":"(anonymous_2)","decl":{"start":{"line":69,"column":23},"end":{"line":69,"column":24}},"loc":{"start":{"line":69,"column":43},"end":{"line":93,"column":1}},"line":69},"3":{"name":"(anonymous_3)","decl":{"start":{"line":96,"column":20},"end":{"line":96,"column":21}},"loc":{"start":{"line":96,"column":40},"end":{"line":133,"column":1}},"line":96},"4":{"name":"(anonymous_4)","decl":{"start":{"line":136,"column":28},"end":{"line":136,"column":29}},"loc":{"start":{"line":136,"column":48},"end":{"line":165,"column":1}},"line":136},"5":{"name":"(anonymous_5)","decl":{"start":{"line":168,"column":36},"end":{"line":168,"column":37}},"loc":{"start":{"line":168,"column":56},"end":{"line":190,"column":1}},"line":168},"6":{"name":"(anonymous_6)","decl":{"start":{"line":192,"column":21},"end":{"line":192,"column":22}},"loc":{"start":{"line":192,"column":41},"end":{"line":208,"column":1}},"line":192},"7":{"name":"(anonymous_7)","decl":{"start":{"line":211,"column":41},"end":{"line":211,"column":42}},"loc":{"start":{"line":211,"column":61},"end":{"line":233,"column":1}},"line":211},"8":{"name":"(anonymous_8)","decl":{"start":{"line":236,"column":31},"end":{"line":236,"column":32}},"loc":{"start":{"line":236,"column":51},"end":{"line":270,"column":1}},"line":236},"9":{"name":"(anonymous_9)","decl":{"start":{"line":273,"column":28},"end":{"line":273,"column":29}},"loc":{"start":{"line":273,"column":48},"end":{"line":295,"column":1}},"line":273}},"branchMap":{"0":{"loc":{"start":{"line":40,"column":8},"end":{"line":42,"column":9}},"type":"if","locations":[{"start":{"line":40,"column":8},"end":{"line":42,"column":9}},{"start":{},"end":{}}],"line":40},"1":{"loc":{"start":{"line":40,"column":12},"end":{"line":40,"column":31}},"type":"binary-expr","locations":[{"start":{"line":40,"column":12},"end":{"line":40,"column":20}},{"start":{"line":40,"column":24},"end":{"line":40,"column":31}}],"line":40},"2":{"loc":{"start":{"line":45,"column":8},"end":{"line":47,"column":9}},"type":"if","locations":[{"start":{"line":45,"column":8},"end":{"line":47,"column":9}},{"start":{},"end":{}}],"line":45},"3":{"loc":{"start":{"line":48,"column":8},"end":{"line":50,"column":9}},"type":"if","locations":[{"start":{"line":48,"column":8},"end":{"line":50,"column":9}},{"start":{},"end":{}}],"line":48},"4":{"loc":{"start":{"line":75,"column":8},"end":{"line":75,"column":51}},"type":"if","locations":[{"start":{"line":75,"column":8},"end":{"line":75,"column":51}},{"start":{},"end":{}}],"line":75},"5":{"loc":{"start":{"line":101,"column":8},"end":{"line":103,"column":9}},"type":"if","locations":[{"start":{"line":101,"column":8},"end":{"line":103,"column":9}},{"start":{},"end":{}}],"line":101},"6":{"loc":{"start":{"line":106,"column":8},"end":{"line":108,"column":9}},"type":"if","locations":[{"start":{"line":106,"column":8},"end":{"line":108,"column":9}},{"start":{},"end":{}}],"line":106},"7":{"loc":{"start":{"line":111,"column":8},"end":{"line":115,"column":9}},"type":"if","locations":[{"start":{"line":111,"column":8},"end":{"line":115,"column":9}},{"start":{},"end":{}}],"line":111},"8":{"loc":{"start":{"line":143,"column":8},"end":{"line":145,"column":9}},"type":"if","locations":[{"start":{"line":143,"column":8},"end":{"line":145,"column":9}},{"start":{},"end":{}}],"line":143},"9":{"loc":{"start":{"line":143,"column":12},"end":{"line":143,"column":82}},"type":"binary-expr","locations":[{"start":{"line":143,"column":12},"end":{"line":143,"column":23}},{"start":{"line":143,"column":27},"end":{"line":143,"column":82}}],"line":143},"10":{"loc":{"start":{"line":148,"column":8},"end":{"line":148,"column":43}},"type":"if","locations":[{"start":{"line":148,"column":8},"end":{"line":148,"column":43}},{"start":{},"end":{}}],"line":148},"11":{"loc":{"start":{"line":171,"column":8},"end":{"line":173,"column":9}},"type":"if","locations":[{"start":{"line":171,"column":8},"end":{"line":173,"column":9}},{"start":{},"end":{}}],"line":171},"12":{"loc":{"start":{"line":214,"column":8},"end":{"line":216,"column":9}},"type":"if","locations":[{"start":{"line":214,"column":8},"end":{"line":216,"column":9}},{"start":{},"end":{}}],"line":214},"13":{"loc":{"start":{"line":214,"column":12},"end":{"line":214,"column":26}},"type":"binary-expr","locations":[{"start":{"line":214,"column":12},"end":{"line":214,"column":17}},{"start":{"line":214,"column":21},"end":{"line":214,"column":26}}],"line":214},"14":{"loc":{"start":{"line":242,"column":8},"end":{"line":244,"column":9}},"type":"if","locations":[{"start":{"line":242,"column":8},"end":{"line":244,"column":9}},{"start":{},"end":{}}],"line":242},"15":{"loc":{"start":{"line":242,"column":12},"end":{"line":242,"column":77}},"type":"binary-expr","locations":[{"start":{"line":242,"column":12},"end":{"line":242,"column":20}},{"start":{"line":242,"column":24},"end":{"line":242,"column":32}},{"start":{"line":242,"column":36},"end":{"line":242,"column":77}}],"line":242},"16":{"loc":{"start":{"line":247,"column":8},"end":{"line":249,"column":9}},"type":"if","locations":[{"start":{"line":247,"column":8},"end":{"line":249,"column":9}},{"start":{},"end":{}}],"line":247},"17":{"loc":{"start":{"line":276,"column":8},"end":{"line":278,"column":9}},"type":"if","locations":[{"start":{"line":276,"column":8},"end":{"line":278,"column":9}},{"start":{},"end":{}}],"line":276},"18":{"loc":{"start":{"line":282,"column":8},"end":{"line":284,"column":9}},"type":"if","locations":[{"start":{"line":282,"column":8},"end":{"line":284,"column":9}},{"start":{},"end":{}}],"line":282}},"s":{"0":1,"1":1,"2":1,"3":1,"4":1,"5":1,"6":2,"7":2,"8":2,"9":1,"10":1,"11":1,"12":4,"13":4,"14":4,"15":4,"16":1,"17":3,"18":2,"19":1,"20":1,"21":1,"22":1,"23":1,"24":1,"25":1,"26":1,"27":0,"28":0,"29":0,"30":0,"31":0,"32":0,"33":0,"34":0,"35":0,"36":1,"37":5,"38":5,"39":5,"40":4,"41":1,"42":3,"43":1,"44":2,"45":1,"46":1,"47":1,"48":1,"49":1,"50":3,"51":3,"52":3,"53":3,"54":2,"55":1,"56":1,"57":1,"58":0,"59":1,"60":1,"61":1,"62":1,"63":3,"64":3,"65":3,"66":1,"67":2,"68":1,"69":1,"70":1,"71":2,"72":2,"73":1,"74":1,"75":1,"76":1,"77":3,"78":3,"79":3,"80":1,"81":2,"82":1,"83":1,"84":1,"85":4,"86":4,"87":4,"88":1,"89":3,"90":2,"91":1,"92":1,"93":1,"94":1,"95":1,"96":1,"97":1,"98":3,"99":3,"100":3,"101":1,"102":2,"103":1,"104":0,"105":1,"106":1,"107":1},"f":{"0":2,"1":4,"2":0,"3":5,"4":3,"5":3,"6":2,"7":3,"8":4,"9":3},"b":{"0":[1,3],"1":[4,3],"2":[1,1],"3":[1,0],"4":[0,0],"5":[1,3],"6":[1,2],"7":[1,1],"8":[1,1],"9":[2,2],"10":[0,1],"11":[1,2],"12":[1,2],"13":[3,2],"14":[1,3],"15":[4,3,3],"16":[1,1],"17":[1,2],"18":[0,1]},"_coverageSchema":"1a1c01bbd47fc00a2c39e90264f33305004495a9","hash":"0932eb6bf60ac205502f9b7ce566c2f808f48384"}
,"D:\\Sandeep\\Bites on Bus ALL\\Bites On Bus\\backend\\controller\\paymentController.js": {"path":"D:\\Sandeep\\Bites on Bus ALL\\Bites On Bus\\backend\\controller\\paymentController.js","statementMap":{"0":{"start":{"line":1,"column":20},"end":{"line":1,"column":44}},"1":{"start":{"line":2,"column":15},"end":{"line":2,"column":32}},"2":{"start":{"line":3,"column":16},"end":{"line":3,"column":48}},"3":{"start":{"line":4,"column":14},"end":{"line":4,"column":44}},"4":{"start":{"line":7,"column":19},"end":{"line":81,"column":1}},"5":{"start":{"line":8,"column":4},"end":{"line":80,"column":5}},"6":{"start":{"line":9,"column":23},"end":{"line":9,"column":74}},"7":{"start":{"line":15,"column":164},"end":{"line":15,"column":172}},"8":{"start":{"line":19,"column":19},"end":{"line":19,"column":65}},"9":{"start":{"line":20,"column":19},"end":{"line":20,"column":73}},"10":{"start":{"line":21,"column":19},"end":{"line":21,"column":63}},"11":{"start":{"line":22,"column":19},"end":{"line":22,"column":61}},"12":{"start":{"line":23,"column":19},"end":{"line":23,"column":75}},"13":{"start":{"line":25,"column":27},"end":{"line":25,"column":183}},"14":{"start":{"line":26,"column":21},"end":{"line":26,"column":81}},"15":{"start":{"line":29,"column":21},"end":{"line":29,"column":45}},"16":{"start":{"line":31,"column":32},"end":{"line":52,"column":9}},"17":{"start":{"line":54,"column":31},"end":{"line":54,"column":68}},"18":{"start":{"line":56,"column":21},"end":{"line":73,"column":10}},"19":{"start":{"line":74,"column":8},"end":{"line":74,"column":23}},"20":{"start":{"line":76,"column":8},"end":{"line":79,"column":11}},"21":{"start":{"line":84,"column":22},"end":{"line":144,"column":1}},"22":{"start":{"line":85,"column":4},"end":{"line":143,"column":5}},"23":{"start":{"line":86,"column":30},"end":{"line":86,"column":86}},"24":{"start":{"line":87,"column":21},"end":{"line":87,"column":72}},"25":{"start":{"line":88,"column":8},"end":{"line":88,"column":26}},"26":{"start":{"line":91,"column":27},"end":{"line":91,"column":47}},"27":{"start":{"line":92,"column":8},"end":{"line":101,"column":10}},"28":{"start":{"line":104,"column":8},"end":{"line":135,"column":9}},"29":{"start":{"line":106,"column":30},"end":{"line":106,"column":75}},"30":{"start":{"line":107,"column":34},"end":{"line":107,"column":79}},"31":{"start":{"line":108,"column":32},"end":{"line":108,"column":41}},"32":{"start":{"line":109,"column":35},"end":{"line":109,"column":80}},"33":{"start":{"line":112,"column":31},"end":{"line":112,"column":65}},"34":{"start":{"line":113,"column":27},"end":{"line":113,"column":69}},"35":{"start":{"line":114,"column":37},"end":{"line":114,"column":90}},"36":{"start":{"line":115,"column":31},"end":{"line":115,"column":70}},"37":{"start":{"line":116,"column":12},"end":{"line":116,"column":30}},"38":{"start":{"line":118,"column":29},"end":{"line":131,"column":13}},"39":{"start":{"line":133,"column":33},"end":{"line":133,"column":61}},"40":{"start":{"line":134,"column":26},"end":{"line":134,"column":42}},"41":{"start":{"line":137,"column":8},"end":{"line":137,"column":108}},"42":{"start":{"line":139,"column":8},"end":{"line":142,"column":11}},"43":{"start":{"line":146,"column":0},"end":{"line":149,"column":2}}},"fnMap":{"0":{"name":"(anonymous_0)","decl":{"start":{"line":7,"column":19},"end":{"line":7,"column":20}},"loc":{"start":{"line":7,"column":39},"end":{"line":81,"column":1}},"line":7},"1":{"name":"(anonymous_1)","decl":{"start":{"line":84,"column":22},"end":{"line":84,"column":23}},"loc":{"start":{"line":84,"column":42},"end":{"line":144,"column":1}},"line":84}},"branchMap":{"0":{"loc":{"start":{"line":19,"column":19},"end":{"line":19,"column":65}},"type":"cond-expr","locations":[{"start":{"line":19,"column":33},"end":{"line":19,"column":60}},{"start":{"line":19,"column":63},"end":{"line":19,"column":65}}],"line":19},"1":{"loc":{"start":{"line":20,"column":19},"end":{"line":20,"column":73}},"type":"cond-expr","locations":[{"start":{"line":20,"column":37},"end":{"line":20,"column":68}},{"start":{"line":20,"column":71},"end":{"line":20,"column":73}}],"line":20},"2":{"loc":{"start":{"line":21,"column":19},"end":{"line":21,"column":63}},"type":"cond-expr","locations":[{"start":{"line":21,"column":32},"end":{"line":21,"column":58}},{"start":{"line":21,"column":61},"end":{"line":21,"column":63}}],"line":21},"3":{"loc":{"start":{"line":22,"column":19},"end":{"line":22,"column":61}},"type":"cond-expr","locations":[{"start":{"line":22,"column":35},"end":{"line":22,"column":56}},{"start":{"line":22,"column":59},"end":{"line":22,"column":61}}],"line":22},"4":{"loc":{"start":{"line":23,"column":19},"end":{"line":23,"column":75}},"type":"cond-expr","locations":[{"start":{"line":23,"column":38},"end":{"line":23,"column":70}},{"start":{"line":23,"column":73},"end":{"line":23,"column":75}}],"line":23},"5":{"loc":{"start":{"line":29,"column":21},"end":{"line":29,"column":45}},"type":"binary-expr","locations":[{"start":{"line":29,"column":21},"end":{"line":29,"column":37}},{"start":{"line":29,"column":41},"end":{"line":29,"column":45}}],"line":29},"6":{"loc":{"start":{"line":98,"column":25},"end":{"line":98,"column":74}},"type":"cond-expr","locations":[{"start":{"line":98,"column":40},"end":{"line":98,"column":62}},{"start":{"line":98,"column":65},"end":{"line":98,"column":74}}],"line":98},"7":{"loc":{"start":{"line":104,"column":8},"end":{"line":135,"column":9}},"type":"if","locations":[{"start":{"line":104,"column":8},"end":{"line":135,"column":9}},{"start":{},"end":{}}],"line":104},"8":{"loc":{"start":{"line":106,"column":30},"end":{"line":106,"column":75}},"type":"cond-expr","locations":[{"start":{"line":106,"column":42},"end":{"line":106,"column":63}},{"start":{"line":106,"column":66},"end":{"line":106,"column":75}}],"line":106},"9":{"loc":{"start":{"line":107,"column":34},"end":{"line":107,"column":79}},"type":"cond-expr","locations":[{"start":{"line":107,"column":46},"end":{"line":107,"column":67}},{"start":{"line":107,"column":70},"end":{"line":107,"column":79}}],"line":107},"10":{"loc":{"start":{"line":109,"column":35},"end":{"line":109,"column":80}},"type":"cond-expr","locations":[{"start":{"line":109,"column":47},"end":{"line":109,"column":68}},{"start":{"line":109,"column":71},"end":{"line":109,"column":80}}],"line":109},"11":{"loc":{"start":{"line":113,"column":27},"end":{"line":113,"column":69}},"type":"cond-expr","locations":[{"start":{"line":113,"column":40},"end":{"line":113,"column":57}},{"start":{"line":113,"column":60},"end":{"line":113,"column":69}}],"line":113},"12":{"loc":{"start":{"line":114,"column":37},"end":{"line":114,"column":90}},"type":"cond-expr","locations":[{"start":{"line":114,"column":50},"end":{"line":114,"column":77}},{"start":{"line":114,"column":80},"end":{"line":114,"column":90}}],"line":114},"13":{"loc":{"start":{"line":115,"column":31},"end":{"line":115,"column":70}},"type":"cond-expr","locations":[{"start":{"line":115,"column":44},"end":{"line":115,"column":65}},{"start":{"line":115,"column":68},"end":{"line":115,"column":70}}],"line":115},"14":{"loc":{"start":{"line":120,"column":22},"end":{"line":120,"column":74}},"type":"cond-expr","locations":[{"start":{"line":120,"column":41},"end":{"line":120,"column":62}},{"start":{"line":120,"column":65},"end":{"line":120,"column":74}}],"line":120},"15":{"loc":{"start":{"line":121,"column":22},"end":{"line":121,"column":74}},"type":"cond-expr","locations":[{"start":{"line":121,"column":41},"end":{"line":121,"column":62}},{"start":{"line":121,"column":65},"end":{"line":121,"column":74}}],"line":121},"16":{"loc":{"start":{"line":130,"column":21},"end":{"line":130,"column":89}},"type":"cond-expr","locations":[{"start":{"line":130,"column":59},"end":{"line":130,"column":77}},{"start":{"line":130,"column":80},"end":{"line":130,"column":89}}],"line":130},"17":{"loc":{"start":{"line":130,"column":22},"end":{"line":130,"column":55}},"type":"binary-expr","locations":[{"start":{"line":130,"column":22},"end":{"line":130,"column":33}},{"start":{"line":130,"column":37},"end":{"line":130,"column":55}}],"line":130}},"s":{"0":1,"1":1,"2":1,"3":1,"4":1,"5":1,"6":1,"7":1,"8":1,"9":1,"10":1,"11":1,"12":1,"13":1,"14":1,"15":1,"16":1,"17":0,"18":0,"19":0,"20":1,"21":1,"22":3,"23":3,"24":2,"25":2,"26":2,"27":2,"28":2,"29":1,"30":1,"31":1,"32":1,"33":1,"34":1,"35":1,"36":1,"37":1,"38":1,"39":1,"40":1,"41":2,"42":1,"43":1},"f":{"0":1,"1":3},"b":{"0":[0,1],"1":[0,1],"2":[0,1],"3":[0,1],"4":[0,1],"5":[1,1],"6":[2,0],"7":[1,1],"8":[1,0],"9":[1,0],"10":[1,0],"11":[1,0],"12":[1,0],"13":[1,0],"14":[1,0],"15":[1,0],"16":[1,0],"17":[1,1]},"_coverageSchema":"1a1c01bbd47fc00a2c39e90264f33305004495a9","hash":"7ce26cce9e055ad877004b8c4be920561934bc7b"}
,"D:\\Sandeep\\Bites on Bus ALL\\Bites On Bus\\backend\\controller\\restaurantController.js": {"path":"D:\\Sandeep\\Bites on Bus ALL\\Bites On Bus\\backend\\controller\\restaurantController.js","statementMap":{"0":{"start":{"line":1,"column":19},"end":{"line":1,"column":54}},"1":{"start":{"line":2,"column":17},"end":{"line":2,"column":36}},"2":{"start":{"line":4,"column":22},"end":{"line":21,"column":1}},"3":{"start":{"line":5,"column":4},"end":{"line":20,"column":5}},"4":{"start":{"line":6,"column":31},"end":{"line":6,"column":39}},"5":{"start":{"line":9,"column":8},"end":{"line":11,"column":9}},"6":{"start":{"line":10,"column":12},"end":{"line":10,"column":90}},"7":{"start":{"line":13,"column":27},"end":{"line":13,"column":57}},"8":{"start":{"line":14,"column":8},"end":{"line":14,"column":32}},"9":{"start":{"line":15,"column":8},"end":{"line":15,"column":89}},"10":{"start":{"line":18,"column":8},"end":{"line":18,"column":27}},"11":{"start":{"line":19,"column":8},"end":{"line":19,"column":74}},"12":{"start":{"line":23,"column":23},"end":{"line":47,"column":1}},"13":{"start":{"line":24,"column":4},"end":{"line":46,"column":5}},"14":{"start":{"line":25,"column":45},"end":{"line":25,"column":55}},"15":{"start":{"line":27,"column":8},"end":{"line":29,"column":9}},"16":{"start":{"line":28,"column":12},"end":{"line":28,"column":78}},"17":{"start":{"line":32,"column":27},"end":{"line":36,"column":9}},"18":{"start":{"line":38,"column":8},"end":{"line":40,"column":9}},"19":{"start":{"line":39,"column":12},"end":{"line":39,"column":77}},"20":{"start":{"line":42,"column":8},"end":{"line":42,"column":88}},"21":{"start":{"line":44,"column":8},"end":{"line":44,"column":27}},"22":{"start":{"line":45,"column":8},"end":{"line":45,"column":74}},"23":{"start":{"line":49,"column":26},"end":{"line":62,"column":1}},"24":{"start":{"line":50,"column":4},"end":{"line":61,"column":5}},"25":{"start":{"line":52,"column":28},"end":{"line":52,"column":89}},"26":{"start":{"line":53,"column":8},"end":{"line":55,"column":9}},"27":{"start":{"line":54,"column":12},"end":{"line":54,"column":77}},"28":{"start":{"line":56,"column":8},"end":{"line":56,"column":46}},"29":{"start":{"line":59,"column":8},"end":{"line":59,"column":27}},"30":{"start":{"line":60,"column":8},"end":{"line":60,"column":74}},"31":{"start":{"line":64,"column":26},"end":{"line":84,"column":1}},"32":{"start":{"line":65,"column":4},"end":{"line":83,"column":5}},"33":{"start":{"line":66,"column":29},"end":{"line":66,"column":42}},"34":{"start":{"line":68,"column":8},"end":{"line":70,"column":9}},"35":{"start":{"line":69,"column":12},"end":{"line":69,"column":78}},"36":{"start":{"line":72,"column":27},"end":{"line":72,"column":66}},"37":{"start":{"line":74,"column":8},"end":{"line":76,"column":9}},"38":{"start":{"line":75,"column":12},"end":{"line":75,"column":77}},"39":{"start":{"line":78,"column":8},"end":{"line":78,"column":45}},"40":{"start":{"line":81,"column":8},"end":{"line":81,"column":27}},"41":{"start":{"line":82,"column":8},"end":{"line":82,"column":74}},"42":{"start":{"line":86,"column":20},"end":{"line":124,"column":1}},"43":{"start":{"line":87,"column":4},"end":{"line":123,"column":5}},"44":{"start":{"line":88,"column":33},"end":{"line":88,"column":43}},"45":{"start":{"line":89,"column":25},"end":{"line":89,"column":33}},"46":{"start":{"line":90,"column":8},"end":{"line":92,"column":9}},"47":{"start":{"line":91,"column":12},"end":{"line":91,"column":82}},"48":{"start":{"line":97,"column":8},"end":{"line":99,"column":9}},"49":{"start":{"line":98,"column":12},"end":{"line":98,"column":78}},"50":{"start":{"line":102,"column":31},"end":{"line":102,"column":60}},"51":{"start":{"line":103,"column":8},"end":{"line":107,"column":9}},"52":{"start":{"line":104,"column":12},"end":{"line":106,"column":13}},"53":{"start":{"line":105,"column":16},"end":{"line":105,"column":91}},"54":{"start":{"line":109,"column":27},"end":{"line":113,"column":9}},"55":{"start":{"line":115,"column":8},"end":{"line":117,"column":9}},"56":{"start":{"line":116,"column":12},"end":{"line":116,"column":77}},"57":{"start":{"line":119,"column":8},"end":{"line":119,"column":86}},"58":{"start":{"line":121,"column":8},"end":{"line":121,"column":27}},"59":{"start":{"line":122,"column":8},"end":{"line":122,"column":74}},"60":{"start":{"line":126,"column":25},"end":{"line":151,"column":1}},"61":{"start":{"line":127,"column":4},"end":{"line":150,"column":5}},"62":{"start":{"line":128,"column":29},"end":{"line":128,"column":42}},"63":{"start":{"line":129,"column":28},"end":{"line":129,"column":36}},"64":{"start":{"line":131,"column":8},"end":{"line":133,"column":9}},"65":{"start":{"line":132,"column":12},"end":{"line":132,"column":78}},"66":{"start":{"line":135,"column":27},"end":{"line":139,"column":9}},"67":{"start":{"line":141,"column":8},"end":{"line":143,"column":9}},"68":{"start":{"line":142,"column":12},"end":{"line":142,"column":77}},"69":{"start":{"line":145,"column":8},"end":{"line":145,"column":89}},"70":{"start":{"line":148,"column":8},"end":{"line":148,"column":27}},"71":{"start":{"line":149,"column":8},"end":{"line":149,"column":74}},"72":{"start":{"line":153,"column":25},"end":{"line":173,"column":1}},"73":{"start":{"line":154,"column":4},"end":{"line":172,"column":5}},"74":{"start":{"line":155,"column":29},"end":{"line":155,"column":42}},"75":{"start":{"line":157,"column":8},"end":{"line":159,"column":9}},"76":{"start":{"line":158,"column":12},"end":{"line":158,"column":78}},"77":{"start":{"line":161,"column":27},"end":{"line":161,"column":75}},"78":{"start":{"line":163,"column":8},"end":{"line":165,"column":9}},"79":{"start":{"line":164,"column":12},"end":{"line":164,"column":77}},"80":{"start":{"line":167,"column":8},"end":{"line":167,"column":77}},"81":{"start":{"line":170,"column":8},"end":{"line":170,"column":27}},"82":{"start":{"line":171,"column":8},"end":{"line":171,"column":74}},"83":{"start":{"line":176,"column":29},"end":{"line":202,"column":1}},"84":{"start":{"line":177,"column":4},"end":{"line":201,"column":5}},"85":{"start":{"line":178,"column":60},"end":{"line":178,"column":69}},"86":{"start":{"line":180,"column":8},"end":{"line":182,"column":9}},"87":{"start":{"line":181,"column":12},"end":{"line":181,"column":92}},"88":{"start":{"line":184,"column":28},"end":{"line":194,"column":10}},"89":{"start":{"line":196,"column":8},"end":{"line":196,"column":46}},"90":{"start":{"line":199,"column":8},"end":{"line":199,"column":27}},"91":{"start":{"line":200,"column":8},"end":{"line":200,"column":74}},"92":{"start":{"line":204,"column":33},"end":{"line":226,"column":1}},"93":{"start":{"line":205,"column":4},"end":{"line":225,"column":5}},"94":{"start":{"line":206,"column":31},"end":{"line":206,"column":40}},"95":{"start":{"line":207,"column":8},"end":{"line":209,"column":9}},"96":{"start":{"line":208,"column":12},"end":{"line":208,"column":83}},"97":{"start":{"line":211,"column":28},"end":{"line":215,"column":48}},"98":{"start":{"line":217,"column":8},"end":{"line":219,"column":9}},"99":{"start":{"line":218,"column":12},"end":{"line":218,"column":100}},"100":{"start":{"line":221,"column":8},"end":{"line":221,"column":46}},"101":{"start":{"line":223,"column":8},"end":{"line":223,"column":27}},"102":{"start":{"line":224,"column":8},"end":{"line":224,"column":74}},"103":{"start":{"line":228,"column":35},"end":{"line":259,"column":1}},"104":{"start":{"line":229,"column":4},"end":{"line":258,"column":5}},"105":{"start":{"line":230,"column":45},"end":{"line":230,"column":55}},"106":{"start":{"line":231,"column":8},"end":{"line":233,"column":9}},"107":{"start":{"line":232,"column":12},"end":{"line":232,"column":91}},"108":{"start":{"line":234,"column":8},"end":{"line":236,"column":9}},"109":{"start":{"line":235,"column":12},"end":{"line":235,"column":91}},"110":{"start":{"line":237,"column":32},"end":{"line":237,"column":40}},"111":{"start":{"line":239,"column":8},"end":{"line":241,"column":9}},"112":{"start":{"line":240,"column":12},"end":{"line":240,"column":91}},"113":{"start":{"line":244,"column":27},"end":{"line":248,"column":9}},"114":{"start":{"line":250,"column":8},"end":{"line":252,"column":9}},"115":{"start":{"line":251,"column":12},"end":{"line":251,"column":90}},"116":{"start":{"line":254,"column":8},"end":{"line":254,"column":101}},"117":{"start":{"line":256,"column":8},"end":{"line":256,"column":27}},"118":{"start":{"line":257,"column":8},"end":{"line":257,"column":74}},"119":{"start":{"line":262,"column":0},"end":{"line":273,"column":2}}},"fnMap":{"0":{"name":"(anonymous_0)","decl":{"start":{"line":4,"column":22},"end":{"line":4,"column":23}},"loc":{"start":{"line":4,"column":42},"end":{"line":21,"column":1}},"line":4},"1":{"name":"(anonymous_1)","decl":{"start":{"line":23,"column":23},"end":{"line":23,"column":24}},"loc":{"start":{"line":23,"column":43},"end":{"line":47,"column":1}},"line":23},"2":{"name":"(anonymous_2)","decl":{"start":{"line":49,"column":26},"end":{"line":49,"column":27}},"loc":{"start":{"line":49,"column":46},"end":{"line":62,"column":1}},"line":49},"3":{"name":"(anonymous_3)","decl":{"start":{"line":64,"column":26},"end":{"line":64,"column":27}},"loc":{"start":{"line":64,"column":46},"end":{"line":84,"column":1}},"line":64},"4":{"name":"(anonymous_4)","decl":{"start":{"line":86,"column":20},"end":{"line":86,"column":21}},"loc":{"start":{"line":86,"column":40},"end":{"line":124,"column":1}},"line":86},"5":{"name":"(anonymous_5)","decl":{"start":{"line":126,"column":25},"end":{"line":126,"column":26}},"loc":{"start":{"line":126,"column":45},"end":{"line":151,"column":1}},"line":126},"6":{"name":"(anonymous_6)","decl":{"start":{"line":153,"column":25},"end":{"line":153,"column":26}},"loc":{"start":{"line":153,"column":45},"end":{"line":173,"column":1}},"line":153},"7":{"name":"(anonymous_7)","decl":{"start":{"line":176,"column":29},"end":{"line":176,"column":30}},"loc":{"start":{"line":176,"column":49},"end":{"line":202,"column":1}},"line":176},"8":{"name":"(anonymous_8)","decl":{"start":{"line":204,"column":33},"end":{"line":204,"column":34}},"loc":{"start":{"line":204,"column":53},"end":{"line":226,"column":1}},"line":204},"9":{"name":"(anonymous_9)","decl":{"start":{"line":228,"column":35},"end":{"line":228,"column":36}},"loc":{"start":{"line":228,"column":55},"end":{"line":259,"column":1}},"line":228}},"branchMap":{"0":{"loc":{"start":{"line":9,"column":8},"end":{"line":11,"column":9}},"type":"if","locations":[{"start":{"line":9,"column":8},"end":{"line":11,"column":9}},{"start":{},"end":{}}],"line":9},"1":{"loc":{"start":{"line":9,"column":12},"end":{"line":9,"column":76}},"type":"binary-expr","locations":[{"start":{"line":9,"column":12},"end":{"line":9,"column":36}},{"start":{"line":9,"column":40},"end":{"line":9,"column":76}}],"line":9},"2":{"loc":{"start":{"line":27,"column":8},"end":{"line":29,"column":9}},"type":"if","locations":[{"start":{"line":27,"column":8},"end":{"line":29,"column":9}},{"start":{},"end":{}}],"line":27},"3":{"loc":{"start":{"line":38,"column":8},"end":{"line":40,"column":9}},"type":"if","locations":[{"start":{"line":38,"column":8},"end":{"line":40,"column":9}},{"start":{},"end":{}}],"line":38},"4":{"loc":{"start":{"line":53,"column":8},"end":{"line":55,"column":9}},"type":"if","locations":[{"start":{"line":53,"column":8},"end":{"line":55,"column":9}},{"start":{},"end":{}}],"line":53},"5":{"loc":{"start":{"line":53,"column":12},"end":{"line":53,"column":52}},"type":"binary-expr","locations":[{"start":{"line":53,"column":12},"end":{"line":53,"column":24}},{"start":{"line":53,"column":28},"end":{"line":53,"column":52}}],"line":53},"6":{"loc":{"start":{"line":68,"column":8},"end":{"line":70,"column":9}},"type":"if","locations":[{"start":{"line":68,"column":8},"end":{"line":70,"column":9}},{"start":{},"end":{}}],"line":68},"7":{"loc":{"start":{"line":74,"column":8},"end":{"line":76,"column":9}},"type":"if","locations":[{"start":{"line":74,"column":8},"end":{"line":76,"column":9}},{"start":{},"end":{}}],"line":74},"8":{"loc":{"start":{"line":90,"column":8},"end":{"line":92,"column":9}},"type":"if","locations":[{"start":{"line":90,"column":8},"end":{"line":92,"column":9}},{"start":{},"end":{}}],"line":90},"9":{"loc":{"start":{"line":97,"column":8},"end":{"line":99,"column":9}},"type":"if","locations":[{"start":{"line":97,"column":8},"end":{"line":99,"column":9}},{"start":{},"end":{}}],"line":97},"10":{"loc":{"start":{"line":104,"column":12},"end":{"line":106,"column":13}},"type":"if","locations":[{"start":{"line":104,"column":12},"end":{"line":106,"column":13}},{"start":{},"end":{}}],"line":104},"11":{"loc":{"start":{"line":115,"column":8},"end":{"line":117,"column":9}},"type":"if","locations":[{"start":{"line":115,"column":8},"end":{"line":117,"column":9}},{"start":{},"end":{}}],"line":115},"12":{"loc":{"start":{"line":131,"column":8},"end":{"line":133,"column":9}},"type":"if","locations":[{"start":{"line":131,"column":8},"end":{"line":133,"column":9}},{"start":{},"end":{}}],"line":131},"13":{"loc":{"start":{"line":141,"column":8},"end":{"line":143,"column":9}},"type":"if","locations":[{"start":{"line":141,"column":8},"end":{"line":143,"column":9}},{"start":{},"end":{}}],"line":141},"14":{"loc":{"start":{"line":157,"column":8},"end":{"line":159,"column":9}},"type":"if","locations":[{"start":{"line":157,"column":8},"end":{"line":159,"column":9}},{"start":{},"end":{}}],"line":157},"15":{"loc":{"start":{"line":163,"column":8},"end":{"line":165,"column":9}},"type":"if","locations":[{"start":{"line":163,"column":8},"end":{"line":165,"column":9}},{"start":{},"end":{}}],"line":163},"16":{"loc":{"start":{"line":178,"column":37},"end":{"line":178,"column":55}},"type":"default-arg","locations":[{"start":{"line":178,"column":51},"end":{"line":178,"column":55}}],"line":178},"17":{"loc":{"start":{"line":180,"column":8},"end":{"line":182,"column":9}},"type":"if","locations":[{"start":{"line":180,"column":8},"end":{"line":182,"column":9}},{"start":{},"end":{}}],"line":180},"18":{"loc":{"start":{"line":180,"column":12},"end":{"line":180,"column":35}},"type":"binary-expr","locations":[{"start":{"line":180,"column":12},"end":{"line":180,"column":22}},{"start":{"line":180,"column":26},"end":{"line":180,"column":35}}],"line":180},"19":{"loc":{"start":{"line":207,"column":8},"end":{"line":209,"column":9}},"type":"if","locations":[{"start":{"line":207,"column":8},"end":{"line":209,"column":9}},{"start":{},"end":{}}],"line":207},"20":{"loc":{"start":{"line":207,"column":12},"end":{"line":207,"column":26}},"type":"binary-expr","locations":[{"start":{"line":207,"column":12},"end":{"line":207,"column":17}},{"start":{"line":207,"column":21},"end":{"line":207,"column":26}}],"line":207},"21":{"loc":{"start":{"line":217,"column":8},"end":{"line":219,"column":9}},"type":"if","locations":[{"start":{"line":217,"column":8},"end":{"line":219,"column":9}},{"start":{},"end":{}}],"line":217},"22":{"loc":{"start":{"line":217,"column":12},"end":{"line":217,"column":52}},"type":"binary-expr","locations":[{"start":{"line":217,"column":12},"end":{"line":217,"column":24}},{"start":{"line":217,"column":28},"end":{"line":217,"column":52}}],"line":217},"23":{"loc":{"start":{"line":231,"column":8},"end":{"line":233,"column":9}},"type":"if","locations":[{"start":{"line":231,"column":8},"end":{"line":233,"column":9}},{"start":{},"end":{}}],"line":231},"24":{"loc":{"start":{"line":231,"column":12},"end":{"line":231,"column":40}},"type":"binary-expr","locations":[{"start":{"line":231,"column":12},"end":{"line":231,"column":25}},{"start":{"line":231,"column":29},"end":{"line":231,"column":40}}],"line":231},"25":{"loc":{"start":{"line":234,"column":8},"end":{"line":236,"column":9}},"type":"if","locations":[{"start":{"line":234,"column":8},"end":{"line":236,"column":9}},{"start":{},"end":{}}],"line":234},"26":{"loc":{"start":{"line":234,"column":12},"end":{"line":234,"column":106}},"type":"binary-expr","locations":[{"start":{"line":234,"column":12},"end":{"line":234,"column":58}},{"start":{"line":234,"column":62},"end":{"line":234,"column":106}}],"line":234},"27":{"loc":{"start":{"line":239,"column":8},"end":{"line":241,"column":9}},"type":"if","locations":[{"start":{"line":239,"column":8},"end":{"line":241,"column":9}},{"start":{},"end":{}}],"line":239},"28":{"loc":{"start":{"line":239,"column":12},"end":{"line":239,"column":106}},"type":"binary-expr","locations":[{"start":{"line":239,"column":12},"end":{"line":239,"column":58}},{"start":{"line":239,"column":62},"end":{"line":239,"column":106}}],"line":239},"29":{"loc":{"start":{"line":250,"column":8},"end":{"line":252,"column":9}},"type":"if","locations":[{"start":{"line":250,"column":8},"end":{"line":252,"column":9}},{"start":{},"end":{}}],"line":250}},"s":{"0":1,"1":1,"2":1,"3":3,"4":3,"5":3,"6":1,"7":2,"8":2,"9":1,"10":1,"11":1,"12":1,"13":4,"14":4,"15":4,"16":1,"17":3,"18":2,"19":1,"20":1,"21":1,"22":1,"23":1,"24":3,"25":3,"26":2,"27":1,"28":1,"29":1,"30":1,"31":1,"32":4,"33":4,"34":4,"35":1,"36":3,"37":2,"38":1,"39":1,"40":1,"41":1,"42":1,"43":6,"44":6,"45":6,"46":6,"47":1,"48":5,"49":1,"50":4,"51":4,"52":10,"53":1,"54":3,"55":2,"56":1,"57":1,"58":1,"59":1,"60":1,"61":4,"62":4,"63":4,"64":4,"65":1,"66":3,"67":2,"68":1,"69":1,"70":1,"71":1,"72":1,"73":4,"74":4,"75":4,"76":1,"77":3,"78":2,"79":1,"80":1,"81":1,"82":1,"83":1,"84":0,"85":0,"86":0,"87":0,"88":0,"89":0,"90":0,"91":0,"92":1,"93":4,"94":4,"95":4,"96":1,"97":3,"98":2,"99":1,"100":1,"101":1,"102":1,"103":1,"104":5,"105":5,"106":5,"107":1,"108":4,"109":1,"110":3,"111":3,"112":0,"113":3,"114":2,"115":1,"116":1,"117":1,"118":1,"119":1},"f":{"0":3,"1":4,"2":3,"3":4,"4":6,"5":4,"6":4,"7":0,"8":4,"9":5},"b":{"0":[1,2],"1":[3,3],"2":[1,3],"3":[1,1],"4":[1,1],"5":[2,2],"6":[1,3],"7":[1,1],"8":[1,5],"9":[1,4],"10":[1,9],"11":[1,1],"12":[1,3],"13":[1,1],"14":[1,3],"15":[1,1],"16":[0],"17":[0,0],"18":[0,0],"19":[1,3],"20":[4,3],"21":[1,1],"22":[2,2],"23":[1,4],"24":[5,4],"25":[1,3],"26":[4,3],"27":[0,3],"28":[3,3],"29":[1,1]},"_coverageSchema":"1a1c01bbd47fc00a2c39e90264f33305004495a9","hash":"1a9ddd23257160568a217c2f8a2764151a94cf93"}
,"D:\\Sandeep\\Bites on Bus ALL\\Bites On Bus\\backend\\controller\\restaurantOwnerController.js": {"path":"D:\\Sandeep\\Bites on Bus ALL\\Bites On Bus\\backend\\controller\\restaurantOwnerController.js","statementMap":{"0":{"start":{"line":1,"column":24},"end":{"line":1,"column":64}},"1":{"start":{"line":3,"column":12},"end":{"line":3,"column":35}},"2":{"start":{"line":4,"column":15},"end":{"line":4,"column":34}},"3":{"start":{"line":5,"column":17},"end":{"line":5,"column":36}},"4":{"start":{"line":8,"column":18},"end":{"line":13,"column":1}},"5":{"start":{"line":10,"column":4},"end":{"line":12,"column":7}},"6":{"start":{"line":16,"column":22},"end":{"line":55,"column":1}},"7":{"start":{"line":17,"column":4},"end":{"line":54,"column":5}},"8":{"start":{"line":18,"column":69},"end":{"line":18,"column":77}},"9":{"start":{"line":20,"column":30},"end":{"line":20,"column":70}},"10":{"start":{"line":21,"column":8},"end":{"line":23,"column":9}},"11":{"start":{"line":22,"column":12},"end":{"line":22,"column":77}},"12":{"start":{"line":25,"column":21},"end":{"line":25,"column":45}},"13":{"start":{"line":26,"column":31},"end":{"line":26,"column":64}},"14":{"start":{"line":28,"column":22},"end":{"line":28,"column":99}},"15":{"start":{"line":29,"column":8},"end":{"line":29,"column":27}},"16":{"start":{"line":30,"column":27},"end":{"line":30,"column":31}},"17":{"start":{"line":32,"column":8},"end":{"line":49,"column":9}},"18":{"start":{"line":33,"column":31},"end":{"line":33,"column":66}},"19":{"start":{"line":35,"column":39},"end":{"line":35,"column":90}},"20":{"start":{"line":36,"column":12},"end":{"line":38,"column":13}},"21":{"start":{"line":37,"column":16},"end":{"line":37,"column":104}},"22":{"start":{"line":40,"column":34},"end":{"line":43,"column":14}},"23":{"start":{"line":44,"column":12},"end":{"line":44,"column":39}},"24":{"start":{"line":45,"column":12},"end":{"line":45,"column":45}},"25":{"start":{"line":47,"column":12},"end":{"line":47,"column":49}},"26":{"start":{"line":48,"column":12},"end":{"line":48,"column":31}},"27":{"start":{"line":50,"column":8},"end":{"line":50,"column":131}},"28":{"start":{"line":52,"column":8},"end":{"line":52,"column":27}},"29":{"start":{"line":53,"column":8},"end":{"line":53,"column":74}},"30":{"start":{"line":56,"column":17},"end":{"line":76,"column":1}},"31":{"start":{"line":57,"column":4},"end":{"line":75,"column":5}},"32":{"start":{"line":58,"column":26},"end":{"line":58,"column":34}},"33":{"start":{"line":59,"column":30},"end":{"line":59,"column":87}},"34":{"start":{"line":60,"column":8},"end":{"line":62,"column":9}},"35":{"start":{"line":61,"column":12},"end":{"line":61,"column":77}},"36":{"start":{"line":64,"column":21},"end":{"line":64,"column":45}},"37":{"start":{"line":65,"column":31},"end":{"line":65,"column":74}},"38":{"start":{"line":67,"column":8},"end":{"line":67,"column":44}},"39":{"start":{"line":68,"column":22},"end":{"line":68,"column":52}},"40":{"start":{"line":69,"column":8},"end":{"line":69,"column":27}},"41":{"start":{"line":70,"column":8},"end":{"line":70,"column":71}},"42":{"start":{"line":73,"column":8},"end":{"line":73,"column":27}},"43":{"start":{"line":74,"column":8},"end":{"line":74,"column":74}},"44":{"start":{"line":80,"column":19},"end":{"line":107,"column":1}},"45":{"start":{"line":81,"column":4},"end":{"line":106,"column":5}},"46":{"start":{"line":82,"column":36},"end":{"line":82,"column":44}},"47":{"start":{"line":83,"column":22},"end":{"line":83,"column":62}},"48":{"start":{"line":84,"column":8},"end":{"line":86,"column":9}},"49":{"start":{"line":85,"column":12},"end":{"line":85,"column":70}},"50":{"start":{"line":88,"column":24},"end":{"line":88,"column":70}},"51":{"start":{"line":89,"column":8},"end":{"line":91,"column":9}},"52":{"start":{"line":90,"column":12},"end":{"line":90,"column":76}},"53":{"start":{"line":93,"column":22},"end":{"line":97,"column":9}},"54":{"start":{"line":98,"column":8},"end":{"line":102,"column":11}},"55":{"start":{"line":104,"column":8},"end":{"line":104,"column":27}},"56":{"start":{"line":105,"column":8},"end":{"line":105,"column":57}},"57":{"start":{"line":112,"column":24},"end":{"line":127,"column":1}},"58":{"start":{"line":113,"column":4},"end":{"line":126,"column":5}},"59":{"start":{"line":114,"column":22},"end":{"line":118,"column":14}},"60":{"start":{"line":120,"column":8},"end":{"line":123,"column":11}},"61":{"start":{"line":125,"column":8},"end":{"line":125,"column":57}},"62":{"start":{"line":130,"column":27},"end":{"line":152,"column":1}},"63":{"start":{"line":131,"column":4},"end":{"line":151,"column":5}},"64":{"start":{"line":133,"column":29},"end":{"line":133,"column":31}},"65":{"start":{"line":134,"column":30},"end":{"line":134,"column":67}},"66":{"start":{"line":135,"column":8},"end":{"line":137,"column":11}},"67":{"start":{"line":136,"column":12},"end":{"line":136,"column":76}},"68":{"start":{"line":136,"column":44},"end":{"line":136,"column":76}},"69":{"start":{"line":139,"column":29},"end":{"line":143,"column":9}},"70":{"start":{"line":145,"column":8},"end":{"line":148,"column":11}},"71":{"start":{"line":150,"column":8},"end":{"line":150,"column":57}},"72":{"start":{"line":155,"column":27},"end":{"line":175,"column":1}},"73":{"start":{"line":156,"column":4},"end":{"line":174,"column":5}},"74":{"start":{"line":158,"column":28},"end":{"line":158,"column":75}},"75":{"start":{"line":161,"column":8},"end":{"line":163,"column":10}},"76":{"start":{"line":166,"column":8},"end":{"line":166,"column":63}},"77":{"start":{"line":168,"column":8},"end":{"line":171,"column":11}},"78":{"start":{"line":173,"column":8},"end":{"line":173,"column":57}},"79":{"start":{"line":178,"column":22},"end":{"line":198,"column":1}},"80":{"start":{"line":179,"column":4},"end":{"line":197,"column":5}},"81":{"start":{"line":181,"column":8},"end":{"line":181,"column":39}},"82":{"start":{"line":183,"column":30},"end":{"line":183,"column":63}},"83":{"start":{"line":186,"column":8},"end":{"line":189,"column":10}},"84":{"start":{"line":191,"column":8},"end":{"line":194,"column":11}},"85":{"start":{"line":196,"column":8},"end":{"line":196,"column":57}},"86":{"start":{"line":200,"column":21},"end":{"line":210,"column":1}},"87":{"start":{"line":201,"column":4},"end":{"line":209,"column":5}},"88":{"start":{"line":202,"column":23},"end":{"line":202,"column":51}},"89":{"start":{"line":203,"column":8},"end":{"line":206,"column":11}},"90":{"start":{"line":208,"column":8},"end":{"line":208,"column":57}},"91":{"start":{"line":212,"column":0},"end":{"line":221,"column":2}}},"fnMap":{"0":{"name":"(anonymous_0)","decl":{"start":{"line":8,"column":18},"end":{"line":8,"column":19}},"loc":{"start":{"line":8,"column":26},"end":{"line":13,"column":1}},"line":8},"1":{"name":"(anonymous_1)","decl":{"start":{"line":16,"column":22},"end":{"line":16,"column":23}},"loc":{"start":{"line":16,"column":42},"end":{"line":55,"column":1}},"line":16},"2":{"name":"(anonymous_2)","decl":{"start":{"line":56,"column":17},"end":{"line":56,"column":18}},"loc":{"start":{"line":56,"column":37},"end":{"line":76,"column":1}},"line":56},"3":{"name":"(anonymous_3)","decl":{"start":{"line":80,"column":19},"end":{"line":80,"column":20}},"loc":{"start":{"line":80,"column":39},"end":{"line":107,"column":1}},"line":80},"4":{"name":"(anonymous_4)","decl":{"start":{"line":112,"column":24},"end":{"line":112,"column":25}},"loc":{"start":{"line":112,"column":44},"end":{"line":127,"column":1}},"line":112},"5":{"name":"(anonymous_5)","decl":{"start":{"line":130,"column":27},"end":{"line":130,"column":28}},"loc":{"start":{"line":130,"column":47},"end":{"line":152,"column":1}},"line":130},"6":{"name":"(anonymous_6)","decl":{"start":{"line":135,"column":38},"end":{"line":135,"column":39}},"loc":{"start":{"line":135,"column":44},"end":{"line":137,"column":9}},"line":135},"7":{"name":"(anonymous_7)","decl":{"start":{"line":155,"column":27},"end":{"line":155,"column":28}},"loc":{"start":{"line":155,"column":47},"end":{"line":175,"column":1}},"line":155},"8":{"name":"(anonymous_8)","decl":{"start":{"line":178,"column":22},"end":{"line":178,"column":23}},"loc":{"start":{"line":178,"column":42},"end":{"line":198,"column":1}},"line":178},"9":{"name":"(anonymous_9)","decl":{"start":{"line":200,"column":21},"end":{"line":200,"column":22}},"loc":{"start":{"line":200,"column":41},"end":{"line":210,"column":1}},"line":200}},"branchMap":{"0":{"loc":{"start":{"line":10,"column":26},"end":{"line":10,"column":38}},"type":"binary-expr","locations":[{"start":{"line":10,"column":26},"end":{"line":10,"column":32}},{"start":{"line":10,"column":36},"end":{"line":10,"column":38}}],"line":10},"1":{"loc":{"start":{"line":10,"column":46},"end":{"line":10,"column":64}},"type":"binary-expr","locations":[{"start":{"line":10,"column":46},"end":{"line":10,"column":53}},{"start":{"line":10,"column":57},"end":{"line":10,"column":64}}],"line":10},"2":{"loc":{"start":{"line":21,"column":8},"end":{"line":23,"column":9}},"type":"if","locations":[{"start":{"line":21,"column":8},"end":{"line":23,"column":9}},{"start":{},"end":{}}],"line":21},"3":{"loc":{"start":{"line":32,"column":8},"end":{"line":49,"column":9}},"type":"if","locations":[{"start":{"line":32,"column":8},"end":{"line":49,"column":9}},{"start":{},"end":{}}],"line":32},"4":{"loc":{"start":{"line":36,"column":12},"end":{"line":38,"column":13}},"type":"if","locations":[{"start":{"line":36,"column":12},"end":{"line":38,"column":13}},{"start":{},"end":{}}],"line":36},"5":{"loc":{"start":{"line":50,"column":40},"end":{"line":50,"column":127}},"type":"cond-expr","locations":[{"start":{"line":50,"column":53},"end":{"line":50,"column":96}},{"start":{"line":50,"column":99},"end":{"line":50,"column":127}}],"line":50},"6":{"loc":{"start":{"line":60,"column":8},"end":{"line":62,"column":9}},"type":"if","locations":[{"start":{"line":60,"column":8},"end":{"line":62,"column":9}},{"start":{},"end":{}}],"line":60},"7":{"loc":{"start":{"line":84,"column":8},"end":{"line":86,"column":9}},"type":"if","locations":[{"start":{"line":84,"column":8},"end":{"line":86,"column":9}},{"start":{},"end":{}}],"line":84},"8":{"loc":{"start":{"line":89,"column":8},"end":{"line":91,"column":9}},"type":"if","locations":[{"start":{"line":89,"column":8},"end":{"line":91,"column":9}},{"start":{},"end":{}}],"line":89},"9":{"loc":{"start":{"line":136,"column":12},"end":{"line":136,"column":76}},"type":"if","locations":[{"start":{"line":136,"column":12},"end":{"line":136,"column":76}},{"start":{},"end":{}}],"line":136}},"s":{"0":1,"1":1,"2":1,"3":1,"4":1,"5":0,"6":1,"7":5,"8":5,"9":5,"10":4,"11":1,"12":3,"13":3,"14":3,"15":3,"16":3,"17":3,"18":2,"19":2,"20":2,"21":1,"22":1,"23":1,"24":1,"25":1,"26":1,"27":2,"28":1,"29":1,"30":1,"31":2,"32":2,"33":2,"34":2,"35":1,"36":1,"37":1,"38":1,"39":1,"40":1,"41":1,"42":0,"43":0,"44":1,"45":3,"46":3,"47":3,"48":3,"49":1,"50":2,"51":2,"52":1,"53":1,"54":1,"55":0,"56":0,"57":1,"58":2,"59":2,"60":1,"61":1,"62":1,"63":2,"64":2,"65":2,"66":2,"67":6,"68":5,"69":2,"70":1,"71":1,"72":1,"73":1,"74":1,"75":0,"76":0,"77":0,"78":1,"79":1,"80":1,"81":1,"82":1,"83":0,"84":0,"85":1,"86":1,"87":1,"88":1,"89":1,"90":0,"91":1},"f":{"0":0,"1":5,"2":2,"3":3,"4":2,"5":2,"6":6,"7":1,"8":1,"9":1},"b":{"0":[0,0],"1":[0,0],"2":[1,3],"3":[2,1],"4":[1,1],"5":[1,1],"6":[1,1],"7":[1,2],"8":[1,1],"9":[5,1]},"_coverageSchema":"1a1c01bbd47fc00a2c39e90264f33305004495a9","hash":"f51ae4dbb080930ddf40a73c84fa34a472ba4840"}
,"D:\\Sandeep\\Bites on Bus ALL\\Bites On Bus\\backend\\controller\\userController.js": {"path":"D:\\Sandeep\\Bites on Bus ALL\\Bites On Bus\\backend\\controller\\userController.js","statementMap":{"0":{"start":{"line":1,"column":13},"end":{"line":1,"column":42}},"1":{"start":{"line":2,"column":15},"end":{"line":2,"column":34}},"2":{"start":{"line":3,"column":12},"end":{"line":3,"column":35}},"3":{"start":{"line":4,"column":14},"end":{"line":4,"column":44}},"4":{"start":{"line":6,"column":16},"end":{"line":24,"column":1}},"5":{"start":{"line":7,"column":4},"end":{"line":23,"column":5}},"6":{"start":{"line":8,"column":25},"end":{"line":8,"column":33}},"7":{"start":{"line":9,"column":29},"end":{"line":9,"column":74}},"8":{"start":{"line":10,"column":8},"end":{"line":12,"column":9}},"9":{"start":{"line":11,"column":12},"end":{"line":11,"column":91}},"10":{"start":{"line":13,"column":21},"end":{"line":13,"column":45}},"11":{"start":{"line":14,"column":31},"end":{"line":14,"column":73}},"12":{"start":{"line":15,"column":8},"end":{"line":15,"column":43}},"13":{"start":{"line":16,"column":21},"end":{"line":16,"column":39}},"14":{"start":{"line":17,"column":8},"end":{"line":17,"column":26}},"15":{"start":{"line":18,"column":8},"end":{"line":18,"column":71}},"16":{"start":{"line":21,"column":8},"end":{"line":21,"column":27}},"17":{"start":{"line":22,"column":8},"end":{"line":22,"column":74}},"18":{"start":{"line":29,"column":20},"end":{"line":41,"column":1}},"19":{"start":{"line":31,"column":4},"end":{"line":38,"column":5}},"20":{"start":{"line":32,"column":22},"end":{"line":32,"column":39}},"21":{"start":{"line":33,"column":8},"end":{"line":33,"column":47}},"22":{"start":{"line":36,"column":8},"end":{"line":36,"column":27}},"23":{"start":{"line":37,"column":8},"end":{"line":37,"column":81}},"24":{"start":{"line":44,"column":20},"end":{"line":64,"column":1}},"25":{"start":{"line":45,"column":4},"end":{"line":63,"column":5}},"26":{"start":{"line":47,"column":23},"end":{"line":47,"column":36}},"27":{"start":{"line":48,"column":21},"end":{"line":48,"column":57}},"28":{"start":{"line":50,"column":8},"end":{"line":56,"column":9}},"29":{"start":{"line":51,"column":12},"end":{"line":51,"column":64}},"30":{"start":{"line":54,"column":12},"end":{"line":54,"column":49}},"31":{"start":{"line":61,"column":8},"end":{"line":61,"column":27}},"32":{"start":{"line":62,"column":8},"end":{"line":62,"column":81}},"33":{"start":{"line":67,"column":19},"end":{"line":83,"column":1}},"34":{"start":{"line":68,"column":4},"end":{"line":82,"column":5}},"35":{"start":{"line":69,"column":23},"end":{"line":69,"column":36}},"36":{"start":{"line":70,"column":28},"end":{"line":70,"column":36}},"37":{"start":{"line":71,"column":21},"end":{"line":71,"column":94}},"38":{"start":{"line":72,"column":8},"end":{"line":77,"column":9}},"39":{"start":{"line":73,"column":12},"end":{"line":73,"column":64}},"40":{"start":{"line":76,"column":12},"end":{"line":76,"column":49}},"41":{"start":{"line":80,"column":8},"end":{"line":80,"column":27}},"42":{"start":{"line":81,"column":8},"end":{"line":81,"column":81}},"43":{"start":{"line":86,"column":19},"end":{"line":102,"column":1}},"44":{"start":{"line":87,"column":4},"end":{"line":100,"column":5}},"45":{"start":{"line":88,"column":23},"end":{"line":88,"column":36}},"46":{"start":{"line":89,"column":21},"end":{"line":89,"column":66}},"47":{"start":{"line":90,"column":8},"end":{"line":95,"column":9}},"48":{"start":{"line":91,"column":12},"end":{"line":91,"column":64}},"49":{"start":{"line":94,"column":12},"end":{"line":94,"column":49}},"50":{"start":{"line":98,"column":8},"end":{"line":98,"column":27}},"51":{"start":{"line":99,"column":8},"end":{"line":99,"column":81}},"52":{"start":{"line":104,"column":33},"end":{"line":124,"column":1}},"53":{"start":{"line":105,"column":4},"end":{"line":123,"column":5}},"54":{"start":{"line":106,"column":23},"end":{"line":106,"column":36}},"55":{"start":{"line":107,"column":8},"end":{"line":109,"column":9}},"56":{"start":{"line":108,"column":12},"end":{"line":108,"column":75}},"57":{"start":{"line":110,"column":23},"end":{"line":114,"column":31}},"58":{"start":{"line":115,"column":8},"end":{"line":119,"column":11}},"59":{"start":{"line":121,"column":8},"end":{"line":121,"column":27}},"60":{"start":{"line":122,"column":8},"end":{"line":122,"column":95}},"61":{"start":{"line":131,"column":18},"end":{"line":154,"column":1}},"62":{"start":{"line":132,"column":4},"end":{"line":153,"column":5}},"63":{"start":{"line":133,"column":36},"end":{"line":133,"column":44}},"64":{"start":{"line":134,"column":21},"end":{"line":134,"column":50}},"65":{"start":{"line":135,"column":8},"end":{"line":137,"column":9}},"66":{"start":{"line":136,"column":12},"end":{"line":136,"column":70}},"67":{"start":{"line":139,"column":24},"end":{"line":139,"column":69}},"68":{"start":{"line":140,"column":8},"end":{"line":142,"column":9}},"69":{"start":{"line":141,"column":12},"end":{"line":141,"column":76}},"70":{"start":{"line":144,"column":22},"end":{"line":148,"column":9}},"71":{"start":{"line":149,"column":8},"end":{"line":149,"column":88}},"72":{"start":{"line":151,"column":8},"end":{"line":151,"column":27}},"73":{"start":{"line":152,"column":8},"end":{"line":152,"column":57}},"74":{"start":{"line":156,"column":0},"end":{"line":164,"column":1}}},"fnMap":{"0":{"name":"(anonymous_0)","decl":{"start":{"line":6,"column":16},"end":{"line":6,"column":17}},"loc":{"start":{"line":6,"column":36},"end":{"line":24,"column":1}},"line":6},"1":{"name":"(anonymous_1)","decl":{"start":{"line":29,"column":20},"end":{"line":29,"column":21}},"loc":{"start":{"line":29,"column":40},"end":{"line":41,"column":1}},"line":29},"2":{"name":"(anonymous_2)","decl":{"start":{"line":44,"column":20},"end":{"line":44,"column":21}},"loc":{"start":{"line":44,"column":40},"end":{"line":64,"column":1}},"line":44},"3":{"name":"(anonymous_3)","decl":{"start":{"line":67,"column":19},"end":{"line":67,"column":20}},"loc":{"start":{"line":67,"column":39},"end":{"line":83,"column":1}},"line":67},"4":{"name":"(anonymous_4)","decl":{"start":{"line":86,"column":19},"end":{"line":86,"column":20}},"loc":{"start":{"line":86,"column":39},"end":{"line":102,"column":1}},"line":86},"5":{"name":"(anonymous_5)","decl":{"start":{"line":104,"column":33},"end":{"line":104,"column":34}},"loc":{"start":{"line":104,"column":53},"end":{"line":124,"column":1}},"line":104},"6":{"name":"(anonymous_6)","decl":{"start":{"line":131,"column":18},"end":{"line":131,"column":19}},"loc":{"start":{"line":131,"column":38},"end":{"line":154,"column":1}},"line":131}},"branchMap":{"0":{"loc":{"start":{"line":10,"column":8},"end":{"line":12,"column":9}},"type":"if","locations":[{"start":{"line":10,"column":8},"end":{"line":12,"column":9}},{"start":{},"end":{}}],"line":10},"1":{"loc":{"start":{"line":50,"column":8},"end":{"line":56,"column":9}},"type":"if","locations":[{"start":{"line":50,"column":8},"end":{"line":56,"column":9}},{"start":{"line":53,"column":13},"end":{"line":56,"column":9}}],"line":50},"2":{"loc":{"start":{"line":72,"column":8},"end":{"line":77,"column":9}},"type":"if","locations":[{"start":{"line":72,"column":8},"end":{"line":77,"column":9}},{"start":{"line":75,"column":13},"end":{"line":77,"column":9}}],"line":72},"3":{"loc":{"start":{"line":90,"column":8},"end":{"line":95,"column":9}},"type":"if","locations":[{"start":{"line":90,"column":8},"end":{"line":95,"column":9}},{"start":{"line":93,"column":13},"end":{"line":95,"column":9}}],"line":90},"4":{"loc":{"start":{"line":107,"column":8},"end":{"line":109,"column":9}},"type":"if","locations":[{"start":{"line":107,"column":8},"end":{"line":109,"column":9}},{"start":{},"end":{}}],"line":107},"5":{"loc":{"start":{"line":135,"column":8},"end":{"line":137,"column":9}},"type":"if","locations":[{"start":{"line":135,"column":8},"end":{"line":137,"column":9}},{"start":{},"end":{}}],"line":135},"6":{"loc":{"start":{"line":140,"column":8},"end":{"line":142,"column":9}},"type":"if","locations":[{"start":{"line":140,"column":8},"end":{"line":142,"column":9}},{"start":{},"end":{}}],"line":140}},"s":{"0":1,"1":1,"2":1,"3":1,"4":1,"5":2,"6":2,"7":2,"8":2,"9":1,"10":1,"11":1,"12":1,"13":1,"14":1,"15":1,"16":0,"17":0,"18":1,"19":1,"20":1,"21":1,"22":0,"23":0,"24":1,"25":2,"26":2,"27":2,"28":2,"29":1,"30":1,"31":0,"32":0,"33":1,"34":2,"35":2,"36":2,"37":2,"38":2,"39":1,"40":1,"41":0,"42":0,"43":1,"44":2,"45":2,"46":2,"47":2,"48":1,"49":1,"50":0,"51":0,"52":1,"53":2,"54":2,"55":2,"56":1,"57":1,"58":1,"59":0,"60":0,"61":1,"62":3,"63":3,"64":3,"65":3,"66":1,"67":2,"68":2,"69":1,"70":1,"71":1,"72":0,"73":0,"74":1},"f":{"0":2,"1":1,"2":2,"3":2,"4":2,"5":2,"6":3},"b":{"0":[1,1],"1":[1,1],"2":[1,1],"3":[1,1],"4":[1,1],"5":[1,2],"6":[1,1]},"_coverageSchema":"1a1c01bbd47fc00a2c39e90264f33305004495a9","hash":"d604bbbaf437a29b5bec6fc8bd09e188dff20d75"}
,"D:\\Sandeep\\Bites on Bus ALL\\Bites On Bus\\backend\\model\\PNRPassengersDetails.js": {"path":"D:\\Sandeep\\Bites on Bus ALL\\Bites On Bus\\backend\\model\\PNRPassengersDetails.js","statementMap":{"0":{"start":{"line":1,"column":17},"end":{"line":1,"column":36}},"1":{"start":{"line":3,"column":27},"end":{"line":61,"column":2}},"2":{"start":{"line":63,"column":28},"end":{"line":63,"column":85}},"3":{"start":{"line":64,"column":0},"end":{"line":64,"column":37}}},"fnMap":{},"branchMap":{},"s":{"0":2,"1":2,"2":2,"3":2},"f":{},"b":{},"_coverageSchema":"1a1c01bbd47fc00a2c39e90264f33305004495a9","hash":"7326201a1149d24187074e9541d950c11a450699"}
,"D:\\Sandeep\\Bites on Bus ALL\\Bites On Bus\\backend\\model\\adminModel.js": {"path":"D:\\Sandeep\\Bites on Bus ALL\\Bites On Bus\\backend\\model\\adminModel.js","statementMap":{"0":{"start":{"line":1,"column":17},"end":{"line":1,"column":36}},"1":{"start":{"line":2,"column":15},"end":{"line":2,"column":34}},"2":{"start":{"line":4,"column":20},"end":{"line":30,"column":2}},"3":{"start":{"line":33,"column":14},"end":{"line":33,"column":50}},"4":{"start":{"line":34,"column":0},"end":{"line":34,"column":23}}},"fnMap":{},"branchMap":{},"s":{"0":1,"1":1,"2":1,"3":1,"4":1},"f":{},"b":{},"_coverageSchema":"1a1c01bbd47fc00a2c39e90264f33305004495a9","hash":"52c20a661e0d385bde9e5ffb1217ffc5378d207e"}
,"D:\\Sandeep\\Bites on Bus ALL\\Bites On Bus\\backend\\model\\agentModel.js": {"path":"D:\\Sandeep\\Bites on Bus ALL\\Bites On Bus\\backend\\model\\agentModel.js","statementMap":{"0":{"start":{"line":1,"column":17},"end":{"line":1,"column":36}},"1":{"start":{"line":3,"column":20},"end":{"line":30,"column":2}},"2":{"start":{"line":32,"column":14},"end":{"line":32,"column":50}},"3":{"start":{"line":33,"column":0},"end":{"line":33,"column":23}}},"fnMap":{},"branchMap":{},"s":{"0":1,"1":1,"2":1,"3":1},"f":{},"b":{},"_coverageSchema":"1a1c01bbd47fc00a2c39e90264f33305004495a9","hash":"ebc6267fbc67930e3c7efd64d80164ede80e4a5d"}
,"D:\\Sandeep\\Bites on Bus ALL\\Bites On Bus\\backend\\model\\busTripModel.js": {"path":"D:\\Sandeep\\Bites on Bus ALL\\Bites On Bus\\backend\\model\\busTripModel.js","statementMap":{"0":{"start":{"line":1,"column":17},"end":{"line":1,"column":36}},"1":{"start":{"line":5,"column":22},"end":{"line":25,"column":2}},"2":{"start":{"line":29,"column":16},"end":{"line":29,"column":56}},"3":{"start":{"line":30,"column":0},"end":{"line":30,"column":25}}},"fnMap":{},"branchMap":{},"s":{"0":1,"1":1,"2":1,"3":1},"f":{},"b":{},"_coverageSchema":"1a1c01bbd47fc00a2c39e90264f33305004495a9","hash":"0d74b6142531959fe7a7b89bb95b1af7576fb0c1"}
,"D:\\Sandeep\\Bites on Bus ALL\\Bites On Bus\\backend\\model\\orderModel.js": {"path":"D:\\Sandeep\\Bites on Bus ALL\\Bites On Bus\\backend\\model\\orderModel.js","statementMap":{"0":{"start":{"line":1,"column":17},"end":{"line":1,"column":36}},"1":{"start":{"line":4,"column":20},"end":{"line":43,"column":2}},"2":{"start":{"line":46,"column":14},"end":{"line":46,"column":50}},"3":{"start":{"line":47,"column":0},"end":{"line":47,"column":23}}},"fnMap":{},"branchMap":{},"s":{"0":4,"1":4,"2":4,"3":4},"f":{},"b":{},"_coverageSchema":"1a1c01bbd47fc00a2c39e90264f33305004495a9","hash":"4495f9ec74544eaf7e056af853d196569fa72bcb"}
,"D:\\Sandeep\\Bites on Bus ALL\\Bites On Bus\\backend\\model\\paymentModel.js": {"path":"D:\\Sandeep\\Bites on Bus ALL\\Bites On Bus\\backend\\model\\paymentModel.js","statementMap":{"0":{"start":{"line":1,"column":17},"end":{"line":1,"column":36}},"1":{"start":{"line":3,"column":22},"end":{"line":21,"column":2}},"2":{"start":{"line":23,"column":0},"end":{"line":23,"column":58}}},"fnMap":{},"branchMap":{},"s":{"0":1,"1":1,"2":1},"f":{},"b":{},"_coverageSchema":"1a1c01bbd47fc00a2c39e90264f33305004495a9","hash":"5e9b5646d17a773ffa626e9e6b6815b1ed7c73c3"}
,"D:\\Sandeep\\Bites on Bus ALL\\Bites On Bus\\backend\\model\\restaurantModel.js": {"path":"D:\\Sandeep\\Bites on Bus ALL\\Bites On Bus\\backend\\model\\restaurantModel.js","statementMap":{"0":{"start":{"line":1,"column":17},"end":{"line":1,"column":36}},"1":{"start":{"line":3,"column":25},"end":{"line":46,"column":2}},"2":{"start":{"line":49,"column":0},"end":{"line":49,"column":64}}},"fnMap":{},"branchMap":{},"s":{"0":3,"1":3,"2":3},"f":{},"b":{},"_coverageSchema":"1a1c01bbd47fc00a2c39e90264f33305004495a9","hash":"dcdf9b872b6b64510da4c5b88749187212b9749e"}
,"D:\\Sandeep\\Bites on Bus ALL\\Bites On Bus\\backend\\model\\restaurantOwnerModel.js": {"path":"D:\\Sandeep\\Bites on Bus ALL\\Bites On Bus\\backend\\model\\restaurantOwnerModel.js","statementMap":{"0":{"start":{"line":1,"column":17},"end":{"line":1,"column":36}},"1":{"start":{"line":2,"column":15},"end":{"line":2,"column":34}},"2":{"start":{"line":3,"column":24},"end":{"line":3,"column":38}},"3":{"start":{"line":5,"column":30},"end":{"line":23,"column":2}},"4":{"start":{"line":27,"column":24},"end":{"line":27,"column":80}},"5":{"start":{"line":28,"column":0},"end":{"line":28,"column":33}}},"fnMap":{},"branchMap":{},"s":{"0":1,"1":1,"2":1,"3":1,"4":1,"5":1},"f":{},"b":{},"_coverageSchema":"1a1c01bbd47fc00a2c39e90264f33305004495a9","hash":"11f9923fa1579ad68503242a81c0a9e959e0b5aa"}
,"D:\\Sandeep\\Bites on Bus ALL\\Bites On Bus\\backend\\model\\userModel.js": {"path":"D:\\Sandeep\\Bites on Bus ALL\\Bites On Bus\\backend\\model\\userModel.js","statementMap":{"0":{"start":{"line":1,"column":17},"end":{"line":1,"column":36}},"1":{"start":{"line":5,"column":19},"end":{"line":14,"column":2}},"2":{"start":{"line":17,"column":13},"end":{"line":17,"column":47}},"3":{"start":{"line":18,"column":0},"end":{"line":18,"column":22}}},"fnMap":{},"branchMap":{},"s":{"0":1,"1":1,"2":1,"3":1},"f":{},"b":{},"_coverageSchema":"1a1c01bbd47fc00a2c39e90264f33305004495a9","hash":"653d98626e4c29de877cd72a2ca581c0d73f2db2"}
}
