TN:
SF:controller\PNRPassengersDetailsController.js
FN:5,(anonymous_0)
FN:15,(anonymous_1)
FN:29,(anonymous_2)
FN:40,(anonymous_3)
FN:58,(anonymous_4)
FNF:5
FNH:5
FNDA:2,(anonymous_0)
FNDA:3,(anonymous_1)
FNDA:2,(anonymous_2)
FNDA:3,(anonymous_3)
FNDA:3,(anonymous_4)
DA:2,1
DA:5,1
DA:6,2
DA:7,2
DA:8,1
DA:10,1
DA:15,1
DA:16,3
DA:17,3
DA:18,3
DA:19,2
DA:20,1
DA:22,1
DA:24,1
DA:29,1
DA:30,2
DA:31,2
DA:32,2
DA:33,1
DA:35,1
DA:40,1
DA:41,3
DA:42,3
DA:43,3
DA:48,2
DA:49,1
DA:51,1
DA:53,1
DA:58,1
DA:59,3
DA:60,3
DA:61,3
DA:62,2
DA:63,1
DA:65,1
DA:67,1
DA:71,1
LF:37
LH:37
BRDA:19,0,0,1
BRDA:19,0,1,1
BRDA:48,1,0,1
BRDA:48,1,1,1
BRDA:62,2,0,1
BRDA:62,2,1,1
BRF:6
BRH:6
end_of_record
TN:
SF:controller\adminController.js
FN:6,(anonymous_0)
FN:26,(anonymous_1)
FN:37,(anonymous_2)
FN:52,(anonymous_3)
FN:68,(anonymous_4)
FN:83,(anonymous_5)
FNF:6
FNH:6
FNDA:3,(anonymous_0)
FNDA:2,(anonymous_1)
FNDA:3,(anonymous_2)
FNDA:3,(anonymous_3)
FNDA:3,(anonymous_4)
FNDA:4,(anonymous_5)
DA:1,1
DA:2,1
DA:3,1
DA:6,1
DA:7,3
DA:8,3
DA:9,3
DA:10,2
DA:11,1
DA:13,1
DA:14,1
DA:15,1
DA:16,1
DA:17,1
DA:18,1
DA:20,1
DA:21,1
DA:26,1
DA:27,2
DA:28,2
DA:29,1
DA:31,1
DA:32,1
DA:37,1
DA:38,3
DA:39,3
DA:40,3
DA:41,2
DA:42,1
DA:44,1
DA:46,1
DA:47,1
DA:52,1
DA:53,3
DA:54,3
DA:55,3
DA:56,3
DA:57,2
DA:58,1
DA:60,1
DA:62,1
DA:63,1
DA:68,1
DA:69,3
DA:70,3
DA:71,3
DA:72,2
DA:73,1
DA:75,1
DA:77,1
DA:78,1
DA:83,1
DA:84,4
DA:85,4
DA:86,4
DA:87,3
DA:88,1
DA:90,2
DA:91,2
DA:92,1
DA:94,1
DA:99,1
DA:101,1
DA:102,1
DA:106,1
LF:65
LH:65
BRDA:10,0,0,1
BRDA:10,0,1,1
BRDA:41,1,0,1
BRDA:41,1,1,1
BRDA:57,2,0,1
BRDA:57,2,1,1
BRDA:72,3,0,1
BRDA:72,3,1,1
BRDA:87,4,0,1
BRDA:87,4,1,2
BRDA:91,5,0,1
BRDA:91,5,1,1
BRF:12
BRH:12
end_of_record
TN:
SF:controller\agentController.js
FN:9,(anonymous_0)
FN:16,(anonymous_1)
FN:37,(anonymous_2)
FN:61,(anonymous_3)
FN:71,(anonymous_4)
FN:101,(anonymous_5)
FN:116,(anonymous_6)
FN:126,(anonymous_7)
FN:155,(anonymous_8)
FN:178,(anonymous_9)
FNF:10
FNH:9
FNDA:0,(anonymous_0)
FNDA:3,(anonymous_1)
FNDA:4,(anonymous_2)
FNDA:2,(anonymous_3)
FNDA:4,(anonymous_4)
FNDA:3,(anonymous_5)
FNDA:2,(anonymous_6)
FNDA:4,(anonymous_7)
FNDA:3,(anonymous_8)
FNDA:3,(anonymous_9)
DA:2,1
DA:3,1
DA:4,1
DA:5,1
DA:6,1
DA:9,1
DA:10,0
DA:16,1
DA:17,3
DA:18,3
DA:19,3
DA:20,2
DA:21,1
DA:23,1
DA:24,1
DA:25,1
DA:26,1
DA:27,1
DA:28,1
DA:31,1
DA:32,1
DA:37,1
DA:38,4
DA:39,4
DA:40,4
DA:41,3
DA:42,1
DA:44,2
DA:45,2
DA:46,1
DA:48,1
DA:53,1
DA:55,1
DA:56,1
DA:61,1
DA:62,2
DA:63,2
DA:64,1
DA:66,1
DA:71,1
DA:73,4
DA:74,4
DA:75,4
DA:78,4
DA:79,1
DA:82,3
DA:88,2
DA:89,1
DA:92,1
DA:95,1
DA:96,1
DA:101,1
DA:102,3
DA:103,3
DA:104,3
DA:105,1
DA:108,2
DA:109,1
DA:111,1
DA:116,1
DA:117,2
DA:118,2
DA:119,1
DA:121,1
DA:126,1
DA:127,4
DA:128,4
DA:129,4
DA:131,4
DA:132,1
DA:135,3
DA:141,2
DA:142,1
DA:145,1
DA:150,1
DA:155,1
DA:156,3
DA:157,3
DA:158,3
DA:159,1
DA:161,2
DA:165,1
DA:171,1
DA:178,1
DA:179,3
DA:180,3
DA:181,3
DA:182,1
DA:185,2
DA:193,1
DA:199,1
DA:206,1
LF:92
LH:91
BRDA:10,0,0,0
BRDA:10,0,1,0
BRDA:10,1,0,0
BRDA:10,1,1,0
BRDA:20,2,0,1
BRDA:20,2,1,1
BRDA:41,3,0,1
BRDA:41,3,1,2
BRDA:45,4,0,1
BRDA:45,4,1,1
BRDA:78,5,0,1
BRDA:78,5,1,3
BRDA:88,6,0,1
BRDA:88,6,1,1
BRDA:104,7,0,1
BRDA:104,7,1,2
BRDA:131,8,0,1
BRDA:131,8,1,3
BRDA:131,9,0,4
BRDA:131,9,1,3
BRDA:131,9,2,3
BRDA:141,10,0,1
BRDA:141,10,1,1
BRDA:158,11,0,1
BRDA:158,11,1,2
BRDA:158,12,0,3
BRDA:158,12,1,2
BRDA:181,13,0,1
BRDA:181,13,1,2
BRDA:181,14,0,3
BRDA:181,14,1,2
BRF:31
BRH:27
end_of_record
TN:
SF:controller\orderController.js
FN:11,(anonymous_0)
FN:35,(anonymous_1)
FN:69,(anonymous_2)
FN:96,(anonymous_3)
FN:136,(anonymous_4)
FN:168,(anonymous_5)
FN:192,(anonymous_6)
FN:211,(anonymous_7)
FN:236,(anonymous_8)
FN:273,(anonymous_9)
FN:296,(anonymous_10)
FNF:11
FNH:9
FNDA:2,(anonymous_0)
FNDA:4,(anonymous_1)
FNDA:0,(anonymous_2)
FNDA:5,(anonymous_3)
FNDA:3,(anonymous_4)
FNDA:3,(anonymous_5)
FNDA:2,(anonymous_6)
FNDA:3,(anonymous_7)
FNDA:4,(anonymous_8)
FNDA:3,(anonymous_9)
FNDA:0,(anonymous_10)
DA:1,1
DA:2,1
DA:3,1
DA:4,1
DA:5,1
DA:11,1
DA:12,2
DA:13,2
DA:15,2
DA:19,1
DA:25,1
DA:35,1
DA:36,4
DA:37,4
DA:38,4
DA:40,4
DA:41,1
DA:44,3
DA:45,2
DA:46,1
DA:48,1
DA:49,1
DA:52,1
DA:53,1
DA:55,1
DA:60,1
DA:69,1
DA:70,0
DA:71,0
DA:72,0
DA:74,0
DA:75,0
DA:77,0
DA:82,0
DA:88,0
DA:96,1
DA:97,5
DA:98,5
DA:100,5
DA:101,4
DA:102,1
DA:106,3
DA:107,1
DA:111,2
DA:112,1
DA:117,1
DA:123,1
DA:128,1
DA:136,1
DA:137,3
DA:138,3
DA:139,3
DA:142,3
DA:143,2
DA:144,1
DA:147,1
DA:148,1
DA:150,1
DA:154,1
DA:160,1
DA:168,1
DA:169,3
DA:170,3
DA:171,3
DA:172,1
DA:174,2
DA:179,1
DA:185,1
DA:192,1
DA:193,2
DA:194,2
DA:198,1
DA:205,1
DA:206,1
DA:211,1
DA:212,3
DA:213,3
DA:214,3
DA:215,1
DA:217,2
DA:223,1
DA:229,1
DA:236,1
DA:237,4
DA:238,4
DA:242,4
DA:243,1
DA:246,3
DA:247,2
DA:248,1
DA:255,1
DA:256,1
DA:257,1
DA:259,1
DA:265,1
DA:273,1
DA:274,3
DA:275,3
DA:276,3
DA:277,1
DA:279,2
DA:282,1
DA:283,0
DA:285,1
DA:290,1
DA:296,1
DA:297,0
DA:298,0
DA:299,0
DA:300,0
DA:302,0
DA:309,0
DA:315,0
DA:322,1
LF:114
LH:98
BRDA:40,0,0,1
BRDA:40,0,1,3
BRDA:40,1,0,4
BRDA:40,1,1,3
BRDA:45,2,0,1
BRDA:45,2,1,1
BRDA:48,3,0,1
BRDA:48,3,1,0
BRDA:75,4,0,0
BRDA:75,4,1,0
BRDA:101,5,0,1
BRDA:101,5,1,3
BRDA:106,6,0,1
BRDA:106,6,1,2
BRDA:111,7,0,1
BRDA:111,7,1,1
BRDA:143,8,0,1
BRDA:143,8,1,1
BRDA:143,9,0,2
BRDA:143,9,1,2
BRDA:148,10,0,0
BRDA:148,10,1,1
BRDA:171,11,0,1
BRDA:171,11,1,2
BRDA:214,12,0,1
BRDA:214,12,1,2
BRDA:214,13,0,3
BRDA:214,13,1,2
BRDA:242,14,0,1
BRDA:242,14,1,3
BRDA:242,15,0,4
BRDA:242,15,1,3
BRDA:242,15,2,3
BRDA:247,16,0,1
BRDA:247,16,1,1
BRDA:276,17,0,1
BRDA:276,17,1,2
BRDA:282,18,0,0
BRDA:282,18,1,1
BRDA:299,19,0,0
BRDA:299,19,1,0
BRF:41
BRH:34
end_of_record
TN:
SF:controller\paymentController.js
FN:7,(anonymous_0)
FN:84,(anonymous_1)
FNF:2
FNH:2
FNDA:1,(anonymous_0)
FNDA:3,(anonymous_1)
DA:1,1
DA:2,1
DA:3,1
DA:4,1
DA:7,1
DA:8,1
DA:9,1
DA:15,1
DA:19,1
DA:20,1
DA:21,1
DA:22,1
DA:23,1
DA:25,1
DA:26,1
DA:29,1
DA:31,1
DA:54,0
DA:56,0
DA:74,0
DA:76,1
DA:84,1
DA:85,3
DA:86,3
DA:87,2
DA:88,2
DA:91,2
DA:92,2
DA:104,2
DA:106,1
DA:107,1
DA:108,1
DA:109,1
DA:112,1
DA:113,1
DA:114,1
DA:115,1
DA:116,1
DA:118,1
DA:133,1
DA:134,1
DA:137,2
DA:139,1
DA:146,1
LF:44
LH:41
BRDA:19,0,0,0
BRDA:19,0,1,1
BRDA:20,1,0,0
BRDA:20,1,1,1
BRDA:21,2,0,0
BRDA:21,2,1,1
BRDA:22,3,0,0
BRDA:22,3,1,1
BRDA:23,4,0,0
BRDA:23,4,1,1
BRDA:29,5,0,1
BRDA:29,5,1,1
BRDA:98,6,0,2
BRDA:98,6,1,0
BRDA:104,7,0,1
BRDA:104,7,1,1
BRDA:106,8,0,1
BRDA:106,8,1,0
BRDA:107,9,0,1
BRDA:107,9,1,0
BRDA:109,10,0,1
BRDA:109,10,1,0
BRDA:113,11,0,1
BRDA:113,11,1,0
BRDA:114,12,0,1
BRDA:114,12,1,0
BRDA:115,13,0,1
BRDA:115,13,1,0
BRDA:120,14,0,1
BRDA:120,14,1,0
BRDA:121,15,0,1
BRDA:121,15,1,0
BRDA:130,16,0,1
BRDA:130,16,1,0
BRDA:130,17,0,1
BRDA:130,17,1,1
BRF:36
BRH:21
end_of_record
TN:
SF:controller\restaurantController.js
FN:4,(anonymous_0)
FN:23,(anonymous_1)
FN:49,(anonymous_2)
FN:64,(anonymous_3)
FN:86,(anonymous_4)
FN:126,(anonymous_5)
FN:154,(anonymous_6)
FN:177,(anonymous_7)
FN:205,(anonymous_8)
FN:229,(anonymous_9)
FNF:10
FNH:9
FNDA:3,(anonymous_0)
FNDA:4,(anonymous_1)
FNDA:3,(anonymous_2)
FNDA:4,(anonymous_3)
FNDA:6,(anonymous_4)
FNDA:4,(anonymous_5)
FNDA:4,(anonymous_6)
FNDA:0,(anonymous_7)
FNDA:4,(anonymous_8)
FNDA:5,(anonymous_9)
DA:1,1
DA:2,1
DA:4,1
DA:5,3
DA:6,3
DA:9,3
DA:10,1
DA:13,2
DA:14,2
DA:15,1
DA:18,1
DA:19,1
DA:23,1
DA:24,4
DA:25,4
DA:27,4
DA:28,1
DA:32,3
DA:38,2
DA:39,1
DA:42,1
DA:44,1
DA:45,1
DA:49,1
DA:50,3
DA:52,3
DA:53,2
DA:54,1
DA:56,1
DA:59,1
DA:60,1
DA:64,1
DA:65,4
DA:66,4
DA:68,4
DA:69,1
DA:72,3
DA:74,2
DA:75,1
DA:78,1
DA:81,1
DA:82,1
DA:86,1
DA:87,6
DA:88,6
DA:89,6
DA:90,6
DA:91,1
DA:97,5
DA:98,1
DA:102,4
DA:103,4
DA:104,10
DA:105,1
DA:109,3
DA:115,2
DA:116,1
DA:119,1
DA:121,1
DA:122,1
DA:126,1
DA:127,4
DA:128,4
DA:129,4
DA:132,4
DA:133,1
DA:136,3
DA:142,2
DA:143,1
DA:146,1
DA:149,1
DA:150,1
DA:154,1
DA:155,4
DA:156,4
DA:158,4
DA:159,1
DA:162,3
DA:164,2
DA:165,1
DA:168,1
DA:171,1
DA:172,1
DA:177,1
DA:178,0
DA:179,0
DA:181,0
DA:182,0
DA:185,0
DA:197,0
DA:200,0
DA:201,0
DA:205,1
DA:206,4
DA:207,4
DA:208,4
DA:209,1
DA:212,3
DA:218,2
DA:219,1
DA:222,1
DA:224,1
DA:225,1
DA:229,1
DA:230,5
DA:231,5
DA:232,5
DA:233,1
DA:235,4
DA:236,1
DA:238,3
DA:240,3
DA:241,0
DA:245,3
DA:251,2
DA:252,1
DA:255,1
DA:257,1
DA:258,1
DA:263,1
LF:120
LH:111
BRDA:9,0,0,1
BRDA:9,0,1,2
BRDA:9,1,0,3
BRDA:9,1,1,3
BRDA:27,2,0,1
BRDA:27,2,1,3
BRDA:38,3,0,1
BRDA:38,3,1,1
BRDA:53,4,0,1
BRDA:53,4,1,1
BRDA:53,5,0,2
BRDA:53,5,1,2
BRDA:68,6,0,1
BRDA:68,6,1,3
BRDA:74,7,0,1
BRDA:74,7,1,1
BRDA:90,8,0,1
BRDA:90,8,1,5
BRDA:97,9,0,1
BRDA:97,9,1,4
BRDA:104,10,0,1
BRDA:104,10,1,9
BRDA:115,11,0,1
BRDA:115,11,1,1
BRDA:132,12,0,1
BRDA:132,12,1,3
BRDA:142,13,0,1
BRDA:142,13,1,1
BRDA:158,14,0,1
BRDA:158,14,1,3
BRDA:164,15,0,1
BRDA:164,15,1,1
BRDA:179,16,0,0
BRDA:181,17,0,0
BRDA:181,17,1,0
BRDA:181,18,0,0
BRDA:181,18,1,0
BRDA:208,19,0,1
BRDA:208,19,1,3
BRDA:208,20,0,4
BRDA:208,20,1,3
BRDA:218,21,0,1
BRDA:218,21,1,1
BRDA:218,22,0,2
BRDA:218,22,1,2
BRDA:232,23,0,1
BRDA:232,23,1,4
BRDA:232,24,0,5
BRDA:232,24,1,4
BRDA:235,25,0,1
BRDA:235,25,1,3
BRDA:235,26,0,4
BRDA:235,26,1,3
BRDA:240,27,0,0
BRDA:240,27,1,3
BRDA:240,28,0,3
BRDA:240,28,1,3
BRDA:251,29,0,1
BRDA:251,29,1,1
BRF:59
BRH:53
end_of_record
TN:
SF:controller\restaurantOwnerController.js
FN:9,(anonymous_0)
FN:17,(anonymous_1)
FN:57,(anonymous_2)
FN:81,(anonymous_3)
FN:117,(anonymous_4)
FN:135,(anonymous_5)
FN:140,(anonymous_6)
FN:160,(anonymous_7)
FN:193,(anonymous_8)
FN:215,(anonymous_9)
FNF:10
FNH:9
FNDA:0,(anonymous_0)
FNDA:5,(anonymous_1)
FNDA:2,(anonymous_2)
FNDA:3,(anonymous_3)
FNDA:2,(anonymous_4)
FNDA:2,(anonymous_5)
FNDA:6,(anonymous_6)
FNDA:1,(anonymous_7)
FNDA:1,(anonymous_8)
FNDA:1,(anonymous_9)
DA:1,1
DA:2,1
DA:4,1
DA:5,1
DA:6,1
DA:9,1
DA:11,0
DA:17,1
DA:18,5
DA:19,5
DA:21,5
DA:22,4
DA:23,1
DA:26,3
DA:27,3
DA:29,3
DA:30,3
DA:31,3
DA:33,3
DA:34,2
DA:36,2
DA:37,2
DA:38,1
DA:41,1
DA:45,1
DA:46,1
DA:48,1
DA:49,1
DA:51,2
DA:53,1
DA:54,1
DA:57,1
DA:58,2
DA:59,2
DA:60,2
DA:61,2
DA:62,1
DA:65,1
DA:66,1
DA:68,1
DA:69,1
DA:70,1
DA:71,1
DA:74,0
DA:75,0
DA:81,1
DA:82,3
DA:83,3
DA:84,3
DA:85,3
DA:86,1
DA:89,2
DA:90,2
DA:91,1
DA:94,1
DA:100,1
DA:103,1
DA:109,0
DA:110,0
DA:117,1
DA:118,2
DA:119,2
DA:125,1
DA:130,1
DA:135,1
DA:136,2
DA:138,2
DA:139,2
DA:140,2
DA:141,6
DA:144,2
DA:150,1
DA:155,1
DA:160,1
DA:161,1
DA:162,1
DA:163,1
DA:164,1
DA:166,0
DA:167,0
DA:168,0
DA:172,0
DA:175,0
DA:176,0
DA:181,0
DA:183,0
DA:188,0
DA:193,1
DA:194,1
DA:196,1
DA:198,1
DA:201,0
DA:206,0
DA:211,1
DA:215,1
DA:216,1
DA:217,1
DA:218,1
DA:223,0
DA:227,1
LF:100
LH:83
BRDA:11,0,0,0
BRDA:11,0,1,0
BRDA:11,1,0,0
BRDA:11,1,1,0
BRDA:22,2,0,1
BRDA:22,2,1,3
BRDA:33,3,0,2
BRDA:33,3,1,1
BRDA:37,4,0,1
BRDA:37,4,1,1
BRDA:51,5,0,1
BRDA:51,5,1,1
BRDA:61,6,0,1
BRDA:61,6,1,1
BRDA:85,7,0,1
BRDA:85,7,1,2
BRDA:90,8,0,1
BRDA:90,8,1,1
BRDA:141,9,0,5
BRDA:141,9,1,1
BRDA:163,10,0,1
BRDA:163,10,1,0
BRDA:167,11,0,0
BRDA:167,11,1,0
BRDA:175,12,0,0
BRDA:175,12,1,0
BRF:26
BRH:17
end_of_record
TN:
SF:controller\userController.js
FN:6,(anonymous_0)
FN:29,(anonymous_1)
FN:44,(anonymous_2)
FN:67,(anonymous_3)
FN:86,(anonymous_4)
FN:104,(anonymous_5)
FN:131,(anonymous_6)
FNF:7
FNH:7
FNDA:2,(anonymous_0)
FNDA:1,(anonymous_1)
FNDA:2,(anonymous_2)
FNDA:2,(anonymous_3)
FNDA:2,(anonymous_4)
FNDA:2,(anonymous_5)
FNDA:3,(anonymous_6)
DA:1,1
DA:2,1
DA:3,1
DA:4,1
DA:6,1
DA:7,2
DA:8,2
DA:9,2
DA:10,2
DA:11,1
DA:13,1
DA:14,1
DA:15,1
DA:16,1
DA:17,1
DA:18,1
DA:21,0
DA:22,0
DA:29,1
DA:31,1
DA:32,1
DA:33,1
DA:36,0
DA:37,0
DA:44,1
DA:45,2
DA:47,2
DA:48,2
DA:50,2
DA:51,1
DA:54,1
DA:61,0
DA:62,0
DA:67,1
DA:68,2
DA:69,2
DA:70,2
DA:71,2
DA:72,2
DA:73,1
DA:76,1
DA:80,0
DA:81,0
DA:86,1
DA:87,2
DA:88,2
DA:89,2
DA:90,2
DA:91,1
DA:94,1
DA:98,0
DA:99,0
DA:104,1
DA:105,2
DA:106,2
DA:107,2
DA:108,1
DA:110,1
DA:115,1
DA:121,0
DA:122,0
DA:131,1
DA:132,3
DA:133,3
DA:134,3
DA:135,3
DA:136,1
DA:139,2
DA:140,2
DA:141,1
DA:144,1
DA:149,1
DA:151,0
DA:152,0
DA:156,1
LF:75
LH:61
BRDA:10,0,0,1
BRDA:10,0,1,1
BRDA:50,1,0,1
BRDA:50,1,1,1
BRDA:72,2,0,1
BRDA:72,2,1,1
BRDA:90,3,0,1
BRDA:90,3,1,1
BRDA:107,4,0,1
BRDA:107,4,1,1
BRDA:135,5,0,1
BRDA:135,5,1,2
BRDA:140,6,0,1
BRDA:140,6,1,1
BRF:14
BRH:14
end_of_record
TN:
SF:model\PNRPassengersDetails.js
FNF:0
FNH:0
DA:1,2
DA:3,2
DA:63,2
DA:64,2
LF:4
LH:4
BRF:0
BRH:0
end_of_record
TN:
SF:model\adminModel.js
FNF:0
FNH:0
DA:1,1
DA:2,1
DA:4,1
DA:33,1
DA:34,1
LF:5
LH:5
BRF:0
BRH:0
end_of_record
TN:
SF:model\agentModel.js
FNF:0
FNH:0
DA:1,1
DA:3,1
DA:32,1
DA:33,1
LF:4
LH:4
BRF:0
BRH:0
end_of_record
TN:
SF:model\busTripModel.js
FNF:0
FNH:0
DA:1,1
DA:5,1
DA:29,1
DA:30,1
LF:4
LH:4
BRF:0
BRH:0
end_of_record
TN:
SF:model\orderModel.js
FNF:0
FNH:0
DA:1,4
DA:4,4
DA:46,4
DA:47,4
LF:4
LH:4
BRF:0
BRH:0
end_of_record
TN:
SF:model\paymentModel.js
FNF:0
FNH:0
DA:1,1
DA:3,1
DA:23,1
LF:3
LH:3
BRF:0
BRH:0
end_of_record
TN:
SF:model\restaurantModel.js
FNF:0
FNH:0
DA:1,3
DA:3,3
DA:51,3
LF:3
LH:3
BRF:0
BRH:0
end_of_record
TN:
SF:model\restaurantOwnerModel.js
FNF:0
FNH:0
DA:1,1
DA:2,1
DA:3,1
DA:5,1
DA:27,1
DA:28,1
LF:6
LH:6
BRF:0
BRH:0
end_of_record
TN:
SF:model\userModel.js
FNF:0
FNH:0
DA:1,1
DA:5,1
DA:17,1
DA:18,1
LF:4
LH:4
BRF:0
BRH:0
end_of_record
